#
# There is insufficient memory for the Java Runtime Environment to continue.
# Native memory allocation (mmap) failed to map 65536 bytes for Failed to commit metaspace.
# Possible reasons:
#   The system is out of physical RAM or swap space
#   The process is running with CompressedOops enabled, and the Java Heap may be blocking the growth of the native heap
# Possible solutions:
#   Reduce memory load on the system
#   Increase physical memory or swap space
#   Check if swap backing store is full
#   Decrease Java heap size (-Xmx/-Xms)
#   Decrease number of Java threads
#   Decrease Java thread stack sizes (-Xss)
#   Set larger code cache with -XX:ReservedCodeCacheSize=
# This output file may be truncated or incomplete.
#
#  Out of Memory Error (virtualSpaceNode.cpp:110), pid=78294, tid=229034
#
# JRE version: OpenJDK Runtime Environment (17.0.2+8) (build 17.0.2+8-1)
# Java VM: OpenJDK 64-Bit Server VM (17.0.2+8-1, mixed mode, sharing, tiered, compressed oops, compressed class ptrs, g1 gc, bsd-amd64)
# Core dump will be written. Default location: /home/studs/s408393/PG/lab2/java.core
#

---------------  S U M M A R Y ------------

Command Line: --add-opens=java.base/java.util=ALL-UNNAMED --add-opens=java.base/java.lang=ALL-UNNAMED --add-opens=java.base/java.lang.invoke=ALL-UNNAMED --add-opens=java.prefs/java.util.prefs=ALL-UNNAMED --add-opens=java.base/java.nio.charset=ALL-UNNAMED --add-opens=java.base/java.net=ALL-UNNAMED --add-opens=java.base/java.util.concurrent.atomic=ALL-UNNAMED -XX:MaxMetaspaceSize=384m -XX:+HeapDumpOnOutOfMemoryError -Xms256m -Xmx512m -Dfile.encoding=UTF-8 -Duser.country=RU -Duser.language=ru -Duser.variant -javaagent:/home/studs/s408393/.gradle/wrapper/dists/gradle-8.4-bin/1w5dpkrfk8irigvoxmyhowfim/gradle-8.4/lib/agents/gradle-instrumentation-agent-8.4.jar -XX:MaxHeapSize=1G -XX:MaxMetaspaceSize=128m org.gradle.launcher.daemon.bootstrap.GradleDaemon 8.4

Host: Intel(R) Xeon(R) CPU E5-2643 0 @ 3.30GHz amd64, 16 cores, 127G, FreeBSD 13.2-STABLE
Time: Mon Oct 30 00:55:32 2023 MSK elapsed time: 2874.338870 seconds (0d 0h 47m 54s)

---------------  T H R E A D  ---------------

Current thread (0x000013135a1d0500):  JavaThread "C1 CompilerThread1" daemon [_thread_in_vm, id=229034, stack(0x00001313f19b0000,0x00001313f1ab0000)]


Current CompileTask:
C1:2874339 14994       3       com.google.common.collect.ImmutableList::forEach (35 bytes)

Stack: [0x00001313f19b0000,0x00001313f1ab0000],  sp=0x00001313f1aaf0b0,  free space=1020k
Native frames: (J=compiled Java code, j=interpreted, Vv=VM code, C=native code)
V  [libjvm.so+0x101c69e]  JVM_handle_bsd_signal+0x138a9e
V  [libjvm.so+0x101cc5a]  JVM_handle_bsd_signal+0x13905a
V  [libjvm.so+0x8b4623]  report_vm_out_of_memory(char const*, int, unsigned long, VMErrorType, char const*, ...)+0xb3
V  [libjvm.so+0x1015c6b]  JVM_handle_bsd_signal+0x13206b
V  [libjvm.so+0xd5d90d]  JVM_RaiseSignal+0x254d3d
V  [libjvm.so+0x80bba1]  metaspace::ChunkManager::get_chunk(signed char, signed char, unsigned long)+0x1e1
V  [libjvm.so+0xd60870]  JVM_RaiseSignal+0x257ca0
V  [libjvm.so+0xd5f9f1]  JVM_RaiseSignal+0x256e21
V  [libjvm.so+0xd73251]  JVM_RaiseSignal+0x26a681
V  [libjvm.so+0xd6abaa]  JVM_RaiseSignal+0x261fda
V  [libjvm.so+0x81a174]  ciMethod::ensure_method_data(methodHandle const&)+0x54
V  [libjvm.so+0x81a352]  ciMethod::ensure_method_data()+0x162
V  [libjvm.so+0x74d068]  Compilation::compile_java_method()+0x58
V  [libjvm.so+0x74d5e3]  Compilation::compile_method()+0x123
V  [libjvm.so+0x74d9eb]  Compilation::Compilation(AbstractCompiler*, ciEnv*, ciMethod*, int, BufferBlob*, bool, DirectiveSet*)+0x1fb
V  [libjvm.so+0x74eacf]  Compiler::compile_method(ciEnv*, ciMethod*, int, bool, DirectiveSet*)+0x7f
V  [libjvm.so+0x88d779]  CompileBroker::invoke_compiler_on_method(CompileTask*)+0x609
V  [libjvm.so+0x88d042]  CompileBroker::compiler_thread_loop()+0x3b2
V  [libjvm.so+0xf9f877]  JVM_handle_bsd_signal+0xbbc77
V  [libjvm.so+0xf9dcea]  JVM_handle_bsd_signal+0xba0ea
V  [libjvm.so+0xdc2062]  JVM_RaiseSignal+0x2b9492
C  [libthr.so.3+0x10a78]  operator->+0x8c8


---------------  P R O C E S S  ---------------

Threads class SMR info:
_java_thread_list=0x0000131385eedce0, length=100, elements={
0x00001312cd9c4a00, 0x00001312cd9c6800, 0x00001312cd9c6d00, 0x00001312cd9c7200,
0x00001312cd9c7700, 0x00001312cd9c7c00, 0x00001312cd9c8100, 0x00001312cd9c8600,
0x00001312cd9c8b00, 0x00001312edb74000, 0x00001312edb74500, 0x00001312edb74a00,
0x00001312edb75400, 0x00001312edb75900, 0x0000131397133400, 0x0000131397133900,
0x0000131397134800, 0x00001313acdf6a00, 0x00001313acdf7400, 0x00001313acdfa100,
0x00001313acdfa600, 0x00001313acdfab00, 0x00001313a557d400, 0x00001313a557d900,
0x00001313a557de00, 0x00001313a557e300, 0x00001313a557e800, 0x00001313a557ed00,
0x00001313a5580600, 0x00001313a5580b00, 0x00001313a536fc00, 0x00001313a5370100,
0x00001313a5370600, 0x00001313a5370b00, 0x00001313a5464000, 0x00001313a5464500,
0x00001313a5464a00, 0x00001313b5839500, 0x0000131378761e00, 0x0000131390e71000,
0x0000131390e71500, 0x0000131390e71a00, 0x0000131397132000, 0x0000131397132500,
0x0000131397132a00, 0x0000131397136b00, 0x00001313a2c7e900, 0x00001313a2c7ee00,
0x00001313a2c7f300, 0x000013135a1d0500, 0x00001313a2c7f800, 0x00001313a2c7fd00,
0x00001313a2c80200, 0x00001313a2c80700, 0x00001313a2c80c00, 0x00001313a2c81100,
0x00001313a2c81600, 0x00001313a2c81b00, 0x00001313a536c000, 0x00001313a536c500,
0x00001313a536ca00, 0x00001313a536cf00, 0x00001313a536d400, 0x00001313a536d900,
0x00001313a536de00, 0x00001313a536e300, 0x000013135a1d3700, 0x000013135a1d3c00,
0x00001313a536e800, 0x000013136d390f00, 0x000013136d391400, 0x000013137cc74500,
0x000013136d391900, 0x000013137f68a000, 0x0000131380d81000, 0x000013137f68aa00,
0x00001313a536ed00, 0x00001313a536f200, 0x00001313a536f700, 0x00001313a557ca00,
0x00001313a557cf00, 0x00001313a557fc00, 0x00001313a1d41000, 0x00001313a1d41500,
0x00001313a1d41a00, 0x00001313a1d41f00, 0x00001313a1d42400, 0x00001313a1d42900,
0x00001313a1d42e00, 0x00001313a1d43300, 0x00001313a1d43800, 0x00001313a1d43d00,
0x00001313a1d44200, 0x00001313a1d44700, 0x00001313a1d44c00, 0x00001313a1d45100,
0x00001313a1d45600, 0x00001313bdc91000, 0x00001313bdc91500, 0x0000131359499100
}

Java Threads: ( => current thread )
  0x00001312cd9c4a00 JavaThread "main" [_thread_blocked, id=227627, stack(0x00001312cd282000,0x00001312cd382000)]
  0x00001312cd9c6800 JavaThread "Reference Handler" daemon [_thread_blocked, id=227637, stack(0x000013134f960000,0x000013134fa60000)]
  0x00001312cd9c6d00 JavaThread "Finalizer" daemon [_thread_blocked, id=227638, stack(0x000013135164d000,0x000013135174d000)]
  0x00001312cd9c7200 JavaThread "Signal Dispatcher" daemon [_thread_blocked, id=227639, stack(0x0000131353592000,0x0000131353692000)]
  0x00001312cd9c7700 JavaThread "Service Thread" daemon [_thread_blocked, id=227640, stack(0x00001313547b5000,0x00001313548b5000)]
  0x00001312cd9c7c00 JavaThread "Monitor Deflation Thread" daemon [_thread_blocked, id=227641, stack(0x00001313569b4000,0x0000131356ab4000)]
  0x00001312cd9c8100 JavaThread "C2 CompilerThread0" daemon [_thread_blocked, id=227642, stack(0x0000131357c04000,0x0000131357d04000)]
  0x00001312cd9c8600 JavaThread "C1 CompilerThread0" daemon [_thread_blocked, id=227643, stack(0x0000131359b21000,0x0000131359c21000)]
  0x00001312cd9c8b00 JavaThread "Sweeper thread" daemon [_thread_blocked, id=227644, stack(0x000013135bebf000,0x000013135bfbf000)]
  0x00001312edb74000 JavaThread "Common-Cleaner" daemon [_thread_blocked, id=227645, stack(0x000013135d606000,0x000013135d706000)]
  0x00001312edb74500 JavaThread "Notification Thread" daemon [_thread_blocked, id=227647, stack(0x0000131363f7a000,0x000013136407a000)]
  0x00001312edb74a00 JavaThread "Daemon health stats" [_thread_blocked, id=227664, stack(0x000013136cb7d000,0x000013136cc7d000)]
  0x00001312edb75400 JavaThread "Incoming local TCP Connector on port 27382" [_thread_in_native, id=227665, stack(0x000013136a2a8000,0x000013136a3a8000)]
  0x00001312edb75900 JavaThread "Daemon periodic checks" [_thread_blocked, id=227666, stack(0x000013138dca0000,0x000013138dda0000)]
  0x0000131397133400 JavaThread "Cache worker for journal cache (/home/studs/s408393/.gradle/caches/journal-1)" [_thread_blocked, id=227676, stack(0x00001313a0ff0000,0x00001313a10f0000)]
  0x0000131397133900 JavaThread "File lock request listener" [_thread_in_native, id=227677, stack(0x00001313a112e000,0x00001313a122e000)]
  0x0000131397134800 JavaThread "Cache worker for file hash cache (/home/studs/s408393/.gradle/caches/8.4/fileHashes)" [_thread_blocked, id=227678, stack(0x00001313a415d000,0x00001313a425d000)]
  0x00001313acdf6a00 JavaThread "Cache worker for file content cache (/home/studs/s408393/.gradle/caches/8.4/fileContent)" [_thread_blocked, id=227686, stack(0x00001313b3fed000,0x00001313b40ed000)]
  0x00001313acdf7400 JavaThread "Cache worker for execution history cache (/home/studs/s408393/.gradle/caches/8.4/executionHistory)" [_thread_blocked, id=227697, stack(0x00001313cb442000,0x00001313cb542000)]
  0x00001313acdfa100 JavaThread "Cache worker for kotlin-dsl (/home/studs/s408393/.gradle/caches/8.4/kotlin-dsl)" [_thread_blocked, id=227706, stack(0x00001313777de000,0x00001313778de000)]
  0x00001313acdfa600 JavaThread "jar transforms" [_thread_blocked, id=227708, stack(0x00001313def5f000,0x00001313df05f000)]
  0x00001313acdfab00 JavaThread "jar transforms Thread 2" [_thread_blocked, id=227709, stack(0x00001313df181000,0x00001313df281000)]
  0x00001313a557d400 JavaThread "jar transforms Thread 3" [_thread_blocked, id=227712, stack(0x00001313a76a4000,0x00001313a77a4000)]
  0x00001313a557d900 JavaThread "jar transforms Thread 4" [_thread_blocked, id=227713, stack(0x00001313a6ddb000,0x00001313a6edb000)]
  0x00001313a557de00 JavaThread "jar transforms Thread 5" [_thread_blocked, id=227714, stack(0x000013136d594000,0x000013136d694000)]
  0x00001313a557e300 JavaThread "jar transforms Thread 6" [_thread_blocked, id=227715, stack(0x000013135f1aa000,0x000013135f2aa000)]
  0x00001313a557e800 JavaThread "jar transforms Thread 7" [_thread_blocked, id=227717, stack(0x00001313e5cde000,0x00001313e5dde000)]
  0x00001313a557ed00 JavaThread "jar transforms Thread 8" [_thread_blocked, id=227718, stack(0x00001313e750c000,0x00001313e760c000)]
  0x00001313a5580600 JavaThread "jar transforms Thread 9" [_thread_blocked, id=227724, stack(0x00001313ed627000,0x00001313ed727000)]
  0x00001313a5580b00 JavaThread "jar transforms Thread 10" [_thread_blocked, id=227725, stack(0x00001313eddb7000,0x00001313edeb7000)]
  0x00001313a536fc00 JavaThread "jar transforms Thread 11" [_thread_blocked, id=227740, stack(0x00001313f69de000,0x00001313f6ade000)]
  0x00001313a5370100 JavaThread "jar transforms Thread 12" [_thread_blocked, id=227741, stack(0x00001313f7928000,0x00001313f7a28000)]
  0x00001313a5370600 JavaThread "jar transforms Thread 13" [_thread_blocked, id=227742, stack(0x00001313f7fc5000,0x00001313f80c5000)]
  0x00001313a5370b00 JavaThread "jar transforms Thread 14" [_thread_blocked, id=227743, stack(0x00001313f9f01000,0x00001313fa001000)]
  0x00001313a5464000 JavaThread "jar transforms Thread 15" [_thread_blocked, id=227744, stack(0x00001313fa01f000,0x00001313fa11f000)]
  0x00001313a5464500 JavaThread "jar transforms Thread 16" [_thread_blocked, id=227745, stack(0x00001313fa870000,0x00001313fa970000)]
  0x00001313a5464a00 JavaThread "Memory manager" [_thread_blocked, id=227746, stack(0x00001314031d9000,0x00001314032d9000)]
  0x00001313b5839500 JavaThread "Cache worker for Java compile cache (/home/studs/s408393/.gradle/caches/8.4/javaCompile)" [_thread_blocked, id=227793, stack(0x000013142a2f3000,0x000013142a3f3000)]
  0x0000131378761e00 JavaThread "Daemon Thread 5" [_thread_blocked, id=229021, stack(0x00001313f43b5000,0x00001313f44b5000)]
  0x0000131390e71000 JavaThread "Handler for socket connection from /127.0.0.1:27382 to /127.0.0.1:11377" [_thread_in_native, id=229022, stack(0x0000131408d59000,0x0000131408e59000)]
  0x0000131390e71500 JavaThread "Cancel handler" [_thread_blocked, id=229023, stack(0x0000131422e13000,0x0000131422f13000)]
  0x0000131390e71a00 JavaThread "Daemon worker Thread 5" [_thread_in_vm, id=229024, stack(0x00001313e41e8000,0x00001313e42e8000)]
  0x0000131397132000 JavaThread "Asynchronous log dispatcher for DefaultDaemonConnection: socket connection from /127.0.0.1:27382 to /127.0.0.1:11377" [_thread_blocked, id=229025, stack(0x000013141a38c000,0x000013141a48c000)]
  0x0000131397132500 JavaThread "Stdin handler" [_thread_blocked, id=229026, stack(0x0000131430528000,0x0000131430628000)]
  0x0000131397132a00 JavaThread "Daemon client event forwarder" [_thread_blocked, id=229027, stack(0x000013140d29e000,0x000013140d39e000)]
  0x0000131397136b00 JavaThread "Cache worker for checksums cache (/home/studs/s408393/PG/lab2/.gradle/8.4/checksums)" [_thread_blocked, id=229030, stack(0x00001313ebdf5000,0x00001313ebef5000)]
  0x00001313a2c7e900 JavaThread "Cache worker for file hash cache (/home/studs/s408393/PG/lab2/.gradle/8.4/fileHashes)" [_thread_blocked, id=229031, stack(0x000013140f7c6000,0x000013140f8c6000)]
  0x00001313a2c7ee00 JavaThread "Cache worker for cache directory md-supplier (/home/studs/s408393/.gradle/caches/8.4/md-supplier)" [_thread_blocked, id=229032, stack(0x00001313f0ce5000,0x00001313f0de5000)]
  0x00001313a2c7f300 JavaThread "Cache worker for cache directory md-rule (/home/studs/s408393/.gradle/caches/8.4/md-rule)" [_thread_blocked, id=229033, stack(0x000013138fc9a000,0x000013138fd9a000)]
=>0x000013135a1d0500 JavaThread "C1 CompilerThread1" daemon [_thread_in_vm, id=229034, stack(0x00001313f19b0000,0x00001313f1ab0000)]
  0x00001313a2c7f800 JavaThread "Unconstrained build operations" [_thread_blocked, id=229035, stack(0x00001313ea81a000,0x00001313ea91a000)]
  0x00001313a2c7fd00 JavaThread "Unconstrained build operations Thread 2" [_thread_blocked, id=229036, stack(0x000013142063b000,0x000013142073b000)]
  0x00001313a2c80200 JavaThread "Cache worker for dependencies-accessors (/home/studs/s408393/PG/lab2/.gradle/8.4/dependencies-accessors)" [_thread_blocked, id=229037, stack(0x000013141e8e1000,0x000013141e9e1000)]
  0x00001313a2c80700 JavaThread "Cache worker for Build Output Cleanup Cache (/home/studs/s408393/PG/lab2/.gradle/buildOutputCleanup)" [_thread_blocked, id=229038, stack(0x00001313eb17f000,0x00001313eb27f000)]
  0x00001313a2c80c00 JavaThread "Unconstrained build operations Thread 3" [_thread_blocked, id=229039, stack(0x000013140e252000,0x000013140e352000)]
  0x00001313a2c81100 JavaThread "Unconstrained build operations Thread 4" [_thread_blocked, id=229040, stack(0x00001313f1e41000,0x00001313f1f41000)]
  0x00001313a2c81600 JavaThread "Unconstrained build operations Thread 5" [_thread_blocked, id=229041, stack(0x00001314354dc000,0x00001314355dc000)]
  0x00001313a2c81b00 JavaThread "Unconstrained build operations Thread 6" [_thread_blocked, id=229042, stack(0x0000131426d11000,0x0000131426e11000)]
  0x00001313a536c000 JavaThread "Unconstrained build operations Thread 7" [_thread_blocked, id=229043, stack(0x00001313f03b7000,0x00001313f04b7000)]
  0x00001313a536c500 JavaThread "Unconstrained build operations Thread 8" [_thread_blocked, id=229044, stack(0x0000131367a40000,0x0000131367b40000)]
  0x00001313a536ca00 JavaThread "Unconstrained build operations Thread 9" [_thread_blocked, id=229045, stack(0x00001313f50b4000,0x00001313f51b4000)]
  0x00001313a536cf00 JavaThread "Unconstrained build operations Thread 10" [_thread_blocked, id=229046, stack(0x0000131435028000,0x0000131435128000)]
  0x00001313a536d400 JavaThread "Unconstrained build operations Thread 11" [_thread_blocked, id=229047, stack(0x00001313f33fc000,0x00001313f34fc000)]
  0x00001313a536d900 JavaThread "Unconstrained build operations Thread 12" [_thread_blocked, id=229048, stack(0x00001313ae848000,0x00001313ae948000)]
  0x00001313a536de00 JavaThread "Unconstrained build operations Thread 13" [_thread_blocked, id=229049, stack(0x0000131422050000,0x0000131422150000)]
  0x00001313a536e300 JavaThread "Unconstrained build operations Thread 14" [_thread_blocked, id=229050, stack(0x000013139a5e7000,0x000013139a6e7000)]
  0x000013135a1d3700 JavaThread "C2 CompilerThread1" daemon [_thread_blocked, id=229051, stack(0x00001313b07d0000,0x00001313b08d0000)]
  0x000013135a1d3c00 JavaThread "C2 CompilerThread2" daemon [_thread_blocked, id=229052, stack(0x0000131410595000,0x0000131410695000)]
  0x00001313a536e800 JavaThread "ForkJoinPool.commonPool-worker-30" daemon [_thread_blocked, id=229053, stack(0x0000131425551000,0x0000131425651000)]
  0x000013136d390f00 JavaThread "ForkJoinPool.commonPool-worker-31" daemon [_thread_blocked, id=229054, stack(0x000013141fc68000,0x000013141fd68000)]
  0x000013136d391400 JavaThread "ForkJoinPool.commonPool-worker-32" daemon [_thread_blocked, id=229055, stack(0x00001313a9f7b000,0x00001313aa07b000)]
  0x000013137cc74500 JavaThread "ForkJoinPool.commonPool-worker-33" daemon [_thread_blocked, id=229056, stack(0x000013140efa7000,0x000013140f0a7000)]
  0x000013136d391900 JavaThread "ForkJoinPool.commonPool-worker-34" daemon [_thread_blocked, id=229057, stack(0x00001313b281a000,0x00001313b291a000)]
  0x000013137f68a000 JavaThread "ForkJoinPool.commonPool-worker-35" daemon [_thread_blocked, id=229058, stack(0x00001313916b4000,0x00001313917b4000)]
  0x0000131380d81000 JavaThread "ForkJoinPool.commonPool-worker-36" daemon [_thread_blocked, id=229059, stack(0x0000131421c4d000,0x0000131421d4d000)]
  0x000013137f68aa00 JavaThread "ForkJoinPool.commonPool-worker-37" daemon [_thread_blocked, id=229060, stack(0x0000131410d0a000,0x0000131410e0a000)]
  0x00001313a536ed00 JavaThread "Unconstrained build operations Thread 15" [_thread_blocked, id=229061, stack(0x00001314201a9000,0x00001314202a9000)]
  0x00001313a536f200 JavaThread "Unconstrained build operations Thread 16" [_thread_blocked, id=229062, stack(0x000013139c558000,0x000013139c658000)]
  0x00001313a536f700 JavaThread "Unconstrained build operations Thread 17" [_thread_blocked, id=229063, stack(0x000013142487b000,0x000013142497b000)]
  0x00001313a557ca00 JavaThread "Unconstrained build operations Thread 18" [_thread_blocked, id=229064, stack(0x000013140abea000,0x000013140acea000)]
  0x00001313a557cf00 JavaThread "Unconstrained build operations Thread 19" [_thread_blocked, id=229065, stack(0x00001313da2cc000,0x00001313da3cc000)]
  0x00001313a557fc00 JavaThread "included builds" [_thread_blocked, id=229066, stack(0x000013140d4a3000,0x000013140d5a3000)]
  0x00001313a1d41000 JavaThread "Execution worker" [_thread_blocked, id=229067, stack(0x00001313ec96d000,0x00001313eca6d000)]
  0x00001313a1d41500 JavaThread "Execution worker Thread 2" [_thread_blocked, id=229068, stack(0x00001313ee8d3000,0x00001313ee9d3000)]
  0x00001313a1d41a00 JavaThread "Execution worker Thread 3" [_thread_blocked, id=229069, stack(0x0000131411afc000,0x0000131411bfc000)]
  0x00001313a1d41f00 JavaThread "Execution worker Thread 4" [_thread_blocked, id=229070, stack(0x00001313eb5d4000,0x00001313eb6d4000)]
  0x00001313a1d42400 JavaThread "Execution worker Thread 5" [_thread_blocked, id=229071, stack(0x0000131411dd5000,0x0000131411ed5000)]
  0x00001313a1d42900 JavaThread "Execution worker Thread 6" [_thread_blocked, id=229072, stack(0x00001313c8dc5000,0x00001313c8ec5000)]
  0x00001313a1d42e00 JavaThread "Execution worker Thread 7" [_thread_blocked, id=229073, stack(0x0000131420e68000,0x0000131420f68000)]
  0x00001313a1d43300 JavaThread "Execution worker Thread 8" [_thread_blocked, id=229074, stack(0x00001313efd71000,0x00001313efe71000)]
  0x00001313a1d43800 JavaThread "Execution worker Thread 9" [_thread_blocked, id=229075, stack(0x0000131393501000,0x0000131393601000)]
  0x00001313a1d43d00 JavaThread "Execution worker Thread 10" [_thread_blocked, id=229076, stack(0x0000131423b6b000,0x0000131423c6b000)]
  0x00001313a1d44200 JavaThread "Execution worker Thread 11" [_thread_blocked, id=229077, stack(0x000013142ca1f000,0x000013142cb1f000)]
  0x00001313a1d44700 JavaThread "Execution worker Thread 12" [_thread_blocked, id=229078, stack(0x000013142ffab000,0x00001314300ab000)]
  0x00001313a1d44c00 JavaThread "Execution worker Thread 13" [_thread_blocked, id=229079, stack(0x00001313f01d2000,0x00001313f02d2000)]
  0x00001313a1d45100 JavaThread "Execution worker Thread 14" [_thread_blocked, id=229080, stack(0x00001313f1b19000,0x00001313f1c19000)]
  0x00001313a1d45600 JavaThread "Execution worker Thread 15" [_thread_blocked, id=229081, stack(0x000013141e3cc000,0x000013141e4cc000)]
  0x00001313bdc91000 JavaThread "Cache worker for execution history cache (/home/studs/s408393/PG/lab2/.gradle/8.4/executionHistory)" [_thread_blocked, id=229082, stack(0x000013142e299000,0x000013142e399000)]
  0x00001313bdc91500 JavaThread "Unconstrained build operations Thread 20" [_thread_blocked, id=229083, stack(0x000013142ddcd000,0x000013142decd000)]
  0x0000131359499100 JavaThread "C1 CompilerThread2" daemon [_thread_blocked, id=229084, stack(0x0000131395b39000,0x0000131395c39000)]

Other Threads:
  0x00001312edaf9600 VMThread "VM Thread" [stack: 0x000013134d6fe000,0x000013134d7fe000] [id=227636]
  0x00001312cda84380 WatcherThread [stack: 0x0000131366585000,0x0000131366685000] [id=227648]
  0x00001312cda62700 GCTaskThread "GC Thread#0" [stack: 0x00001313360b8000,0x00001313361b8000] [id=227631]
  0x000013134ed0a000 GCTaskThread "GC Thread#1" [stack: 0x000013137969f000,0x000013137979f000] [id=227655]
  0x000013134ed0a300 GCTaskThread "GC Thread#2" [stack: 0x000013137b65d000,0x000013137b75d000] [id=227656]
  0x000013134ed0a600 GCTaskThread "GC Thread#3" [stack: 0x000013137db8e000,0x000013137dc8e000] [id=227657]
  0x000013134ed0a900 GCTaskThread "GC Thread#4" [stack: 0x000013137fa94000,0x000013137fb94000] [id=227658]
  0x000013134ed0ac00 GCTaskThread "GC Thread#5" [stack: 0x000013138244b000,0x000013138254b000] [id=227659]
  0x000013134ed0af00 GCTaskThread "GC Thread#6" [stack: 0x00001313b60f4000,0x00001313b61f4000] [id=227687]
  0x000013134ed0b200 GCTaskThread "GC Thread#7" [stack: 0x00001313b80e3000,0x00001313b81e3000] [id=227688]
  0x000013134ed0b500 GCTaskThread "GC Thread#8" [stack: 0x00001313baee6000,0x00001313bafe6000] [id=227689]
  0x000013134ed0b800 GCTaskThread "GC Thread#9" [stack: 0x00001313bc56b000,0x00001313bc66b000] [id=227690]
  0x000013134ed0bb00 GCTaskThread "GC Thread#10" [stack: 0x00001313bec67000,0x00001313bed67000] [id=227691]
  0x000013134ed0be00 GCTaskThread "GC Thread#11" [stack: 0x00001313c10bc000,0x00001313c11bc000] [id=227692]
  0x000013134ed0c100 GCTaskThread "GC Thread#12" [stack: 0x00001313c3a6e000,0x00001313c3b6e000] [id=227693]
  0x00001312cda62a00 ConcurrentGCThread "G1 Main Marker" [stack: 0x0000131338dd6000,0x0000131338ed6000] [id=227632]
  0x00001312cda62d00 ConcurrentGCThread "G1 Conc#0" [stack: 0x000013133ad35000,0x000013133ae35000] [id=227633]
  0x000013133a45e000 ConcurrentGCThread "G1 Conc#1" [stack: 0x00001313c5ae7000,0x00001313c5be7000] [id=227694]
  0x000013133a45e300 ConcurrentGCThread "G1 Conc#2" [stack: 0x00001313c6f3a000,0x00001313c703a000] [id=227695]
  0x00001312edaf9000 ConcurrentGCThread "G1 Refine#0" [stack: 0x0000131341160000,0x0000131341260000] [id=227634]
  0x00001313425ef000 ConcurrentGCThread "G1 Refine#1" [stack: 0x000013142b086000,0x000013142b186000] [id=227794]
  0x00001313bb668500 ConcurrentGCThread "G1 Refine#2" [stack: 0x000013142ba7a000,0x000013142bb7a000] [id=227795]
  0x00001312edafab00 ConcurrentGCThread "G1 Refine#3" [stack: 0x000013142c2a4000,0x000013142c3a4000] [id=227796]
  0x00001312edaf9300 ConcurrentGCThread "G1 Service" [stack: 0x0000131342c24000,0x0000131342d24000] [id=227635]

Threads with active compile tasks:
C1 CompilerThread0  2874745 14995       3       org.gradle.execution.plan.DefaultFinalizedExecutionPlan$$Lambda$1330/0x0000131345c40a38::execute (12 bytes)
C1 CompilerThread1  2874745 14994       3       com.google.common.collect.ImmutableList::forEach (35 bytes)
C1 CompilerThread2  2874745 15000       3       com.google.common.collect.ImmutableListMultimap::fromMapEntries (141 bytes)

VM state: not at safepoint (normal execution)

VM Mutex/Monitor currently owned by a thread:  ([mutex/lock_event])
[0x00001312cd9d4b80] Metaspace_lock - owner thread: 0x000013135a1d0500
[0x00001312cda3a280] MethodData_lock - owner thread: 0x000013135a1d0500

Heap address: 0x00001312efa00000, size: 1024 MB, Compressed Oops mode: Non-zero based: 0x00001312ef800000, Oop shift amount: 3

CDS archive(s) mapped at: [0x0000131344800000-0x00001313453c5000-0x00001313453c5000), size 12341248, SharedBaseAddress: 0x0000131344800000, ArchiveRelocationMode: 0.
Compressed class space mapped at: 0x0000131345400000-0x000013134bc00000, reserved size: 109051904
Narrow klass base: 0x0000131344800000, Narrow klass shift: 0, Narrow klass range: 0x100000000

GC Precious Log:
 CPUs: 16 total, 16 available
 Memory: 127G
 Large Page Support: Disabled
 NUMA Support: Disabled
 Compressed Oops: Enabled (Non-zero based)
 Heap Region Size: 1M
 Heap Min Capacity: 256M
 Heap Initial Capacity: 256M
 Heap Max Capacity: 1G
 Pre-touch: Disabled
 Parallel Workers: 13
 Concurrent Workers: 3
 Concurrent Refinement Workers: 13
 Periodic GC: Disabled

Heap:
 garbage-first heap   total 262144K, used 165395K [0x00001312efa00000, 0x000013132fa00000)
  region size 1024K, 110 young (112640K), 13 survivors (13312K)
 Metaspace       used 76932K, committed 77824K, reserved 180224K
  class space    used 10723K, committed 11136K, reserved 106496K

Heap Regions: E=young(eden), S=young(survivor), O=old, HS=humongous(starts), HC=humongous(continues), CS=collection set, F=free, OA=open archive, CA=closed archive, TAMS=top-at-mark-start (previous, next)
|   0|0x00001312efa00000, 0x00001312efb00000, 0x00001312efb00000|100%|HS|  |TAMS 0x00001312efb00000, 0x00001312efa00000| Complete 
|   1|0x00001312efb00000, 0x00001312efc00000, 0x00001312efc00000|100%|HC|  |TAMS 0x00001312efc00000, 0x00001312efb00000| Complete 
|   2|0x00001312efc00000, 0x00001312efd00000, 0x00001312efd00000|100%|HC|  |TAMS 0x00001312efd00000, 0x00001312efc00000| Complete 
|   3|0x00001312efd00000, 0x00001312efe00000, 0x00001312efe00000|100%|HC|  |TAMS 0x00001312efe00000, 0x00001312efd00000| Complete 
|   4|0x00001312efe00000, 0x00001312eff00000, 0x00001312eff00000|100%| O|  |TAMS 0x00001312eff00000, 0x00001312efe00000| Untracked 
|   5|0x00001312eff00000, 0x00001312f0000000, 0x00001312f0000000|100%| O|  |TAMS 0x00001312f0000000, 0x00001312eff00000| Untracked 
|   6|0x00001312f0000000, 0x00001312f0100000, 0x00001312f0100000|100%| O|  |TAMS 0x00001312f0100000, 0x00001312f0000000| Untracked 
|   7|0x00001312f0100000, 0x00001312f0200000, 0x00001312f0200000|100%| O|  |TAMS 0x00001312f0200000, 0x00001312f0100000| Untracked 
|   8|0x00001312f0200000, 0x00001312f0300000, 0x00001312f0300000|100%| O|  |TAMS 0x00001312f0300000, 0x00001312f0200000| Untracked 
|   9|0x00001312f0300000, 0x00001312f0400000, 0x00001312f0400000|100%| O|  |TAMS 0x00001312f0400000, 0x00001312f0300000| Untracked 
|  10|0x00001312f0400000, 0x00001312f0500000, 0x00001312f0500000|100%| O|  |TAMS 0x00001312f0500000, 0x00001312f0400000| Untracked 
|  11|0x00001312f0500000, 0x00001312f052fa00, 0x00001312f0600000| 18%| O|  |TAMS 0x00001312f052fa00, 0x00001312f0500000| Untracked 
|  12|0x00001312f0600000, 0x00001312f0700000, 0x00001312f0700000|100%| O|  |TAMS 0x00001312f0700000, 0x00001312f0600000| Untracked 
|  13|0x00001312f0700000, 0x00001312f0800000, 0x00001312f0800000|100%| O|  |TAMS 0x00001312f0800000, 0x00001312f0700000| Untracked 
|  14|0x00001312f0800000, 0x00001312f0900000, 0x00001312f0900000|100%| O|  |TAMS 0x00001312f0900000, 0x00001312f0800000| Untracked 
|  15|0x00001312f0900000, 0x00001312f0a00000, 0x00001312f0a00000|100%| O|  |TAMS 0x00001312f0a00000, 0x00001312f0900000| Untracked 
|  16|0x00001312f0a00000, 0x00001312f0b00000, 0x00001312f0b00000|100%| O|  |TAMS 0x00001312f0b00000, 0x00001312f0a00000| Untracked 
|  17|0x00001312f0b00000, 0x00001312f0c00000, 0x00001312f0c00000|100%| O|  |TAMS 0x00001312f0c00000, 0x00001312f0b00000| Untracked 
|  18|0x00001312f0c00000, 0x00001312f0d00000, 0x00001312f0d00000|100%| O|  |TAMS 0x00001312f0d00000, 0x00001312f0c00000| Untracked 
|  19|0x00001312f0d00000, 0x00001312f0e00000, 0x00001312f0e00000|100%| O|  |TAMS 0x00001312f0e00000, 0x00001312f0d00000| Untracked 
|  20|0x00001312f0e00000, 0x00001312f0f00000, 0x00001312f0f00000|100%| O|  |TAMS 0x00001312f0f00000, 0x00001312f0e00000| Untracked 
|  21|0x00001312f0f00000, 0x00001312f1000000, 0x00001312f1000000|100%| O|  |TAMS 0x00001312f1000000, 0x00001312f0f00000| Untracked 
|  22|0x00001312f1000000, 0x00001312f1100000, 0x00001312f1100000|100%| O|  |TAMS 0x00001312f1100000, 0x00001312f1000000| Untracked 
|  23|0x00001312f1100000, 0x00001312f1200000, 0x00001312f1200000|100%| O|  |TAMS 0x00001312f1200000, 0x00001312f1100000| Untracked 
|  24|0x00001312f1200000, 0x00001312f1300000, 0x00001312f1300000|100%| O|  |TAMS 0x00001312f1300000, 0x00001312f1200000| Untracked 
|  25|0x00001312f1300000, 0x00001312f1400000, 0x00001312f1400000|100%| O|  |TAMS 0x00001312f1400000, 0x00001312f1300000| Untracked 
|  26|0x00001312f1400000, 0x00001312f1500000, 0x00001312f1500000|100%| O|  |TAMS 0x00001312f1500000, 0x00001312f1400000| Untracked 
|  27|0x00001312f1500000, 0x00001312f1600000, 0x00001312f1600000|100%| O|  |TAMS 0x00001312f1600000, 0x00001312f1500000| Untracked 
|  28|0x00001312f1600000, 0x00001312f1700000, 0x00001312f1700000|100%| O|  |TAMS 0x00001312f1700000, 0x00001312f1600000| Untracked 
|  29|0x00001312f1700000, 0x00001312f1800000, 0x00001312f1800000|100%| O|  |TAMS 0x00001312f1800000, 0x00001312f1700000| Untracked 
|  30|0x00001312f1800000, 0x00001312f1900000, 0x00001312f1900000|100%| O|  |TAMS 0x00001312f1900000, 0x00001312f1800000| Untracked 
|  31|0x00001312f1900000, 0x00001312f1a00000, 0x00001312f1a00000|100%| O|  |TAMS 0x00001312f1a00000, 0x00001312f1900000| Untracked 
|  32|0x00001312f1a00000, 0x00001312f1b00000, 0x00001312f1b00000|100%| O|  |TAMS 0x00001312f1b00000, 0x00001312f1a00000| Untracked 
|  33|0x00001312f1b00000, 0x00001312f1c00000, 0x00001312f1c00000|100%| O|  |TAMS 0x00001312f1c00000, 0x00001312f1b00000| Untracked 
|  34|0x00001312f1c00000, 0x00001312f1d00000, 0x00001312f1d00000|100%| O|  |TAMS 0x00001312f1d00000, 0x00001312f1c00000| Untracked 
|  35|0x00001312f1d00000, 0x00001312f1e00000, 0x00001312f1e00000|100%| O|  |TAMS 0x00001312f1e00000, 0x00001312f1d00000| Untracked 
|  36|0x00001312f1e00000, 0x00001312f1f00000, 0x00001312f1f00000|100%| O|  |TAMS 0x00001312f1f00000, 0x00001312f1e00000| Untracked 
|  37|0x00001312f1f00000, 0x00001312f2000000, 0x00001312f2000000|100%| O|  |TAMS 0x00001312f2000000, 0x00001312f1f00000| Untracked 
|  38|0x00001312f2000000, 0x00001312f2100000, 0x00001312f2100000|100%| O|  |TAMS 0x00001312f205c400, 0x00001312f2000000| Untracked 
|  39|0x00001312f2100000, 0x00001312f2200000, 0x00001312f2200000|100%| O|  |TAMS 0x00001312f2100000, 0x00001312f2100000| Untracked 
|  40|0x00001312f2200000, 0x00001312f2300000, 0x00001312f2300000|100%| O|  |TAMS 0x00001312f2200000, 0x00001312f2200000| Untracked 
|  41|0x00001312f2300000, 0x00001312f2400000, 0x00001312f2400000|100%| O|  |TAMS 0x00001312f2300000, 0x00001312f2300000| Untracked 
|  42|0x00001312f2400000, 0x00001312f2500000, 0x00001312f2500000|100%| O|  |TAMS 0x00001312f2400000, 0x00001312f2400000| Untracked 
|  43|0x00001312f2500000, 0x00001312f2600000, 0x00001312f2600000|100%| O|  |TAMS 0x00001312f2500000, 0x00001312f2500000| Untracked 
|  44|0x00001312f2600000, 0x00001312f2700000, 0x00001312f2700000|100%| O|  |TAMS 0x00001312f2600000, 0x00001312f2600000| Untracked 
|  45|0x00001312f2700000, 0x00001312f2800000, 0x00001312f2800000|100%| O|  |TAMS 0x00001312f2700000, 0x00001312f2700000| Untracked 
|  46|0x00001312f2800000, 0x00001312f2900000, 0x00001312f2900000|100%| O|  |TAMS 0x00001312f2800000, 0x00001312f2800000| Untracked 
|  47|0x00001312f2900000, 0x00001312f2a00000, 0x00001312f2a00000|100%| O|  |TAMS 0x00001312f2900000, 0x00001312f2900000| Untracked 
|  48|0x00001312f2a00000, 0x00001312f2b00000, 0x00001312f2b00000|100%| O|  |TAMS 0x00001312f2a00000, 0x00001312f2a00000| Untracked 
|  49|0x00001312f2b00000, 0x00001312f2c00000, 0x00001312f2c00000|100%| O|  |TAMS 0x00001312f2b00000, 0x00001312f2b00000| Untracked 
|  50|0x00001312f2c00000, 0x00001312f2d00000, 0x00001312f2d00000|100%| O|  |TAMS 0x00001312f2c00000, 0x00001312f2c00000| Untracked 
|  51|0x00001312f2d00000, 0x00001312f2e00000, 0x00001312f2e00000|100%| O|  |TAMS 0x00001312f2d00000, 0x00001312f2d00000| Untracked 
|  52|0x00001312f2e00000, 0x00001312f2f00000, 0x00001312f2f00000|100%| O|  |TAMS 0x00001312f2e00000, 0x00001312f2e00000| Untracked 
|  53|0x00001312f2f00000, 0x00001312f2f05c00, 0x00001312f3000000|  2%| O|  |TAMS 0x00001312f2f00000, 0x00001312f2f00000| Untracked 
|  54|0x00001312f3000000, 0x00001312f3000000, 0x00001312f3100000|  0%| F|  |TAMS 0x00001312f3000000, 0x00001312f3000000| Untracked 
|  55|0x00001312f3100000, 0x00001312f3100000, 0x00001312f3200000|  0%| F|  |TAMS 0x00001312f3100000, 0x00001312f3100000| Untracked 
|  56|0x00001312f3200000, 0x00001312f3200000, 0x00001312f3300000|  0%| F|  |TAMS 0x00001312f3200000, 0x00001312f3200000| Untracked 
|  57|0x00001312f3300000, 0x00001312f3300000, 0x00001312f3400000|  0%| F|  |TAMS 0x00001312f3300000, 0x00001312f3300000| Untracked 
|  58|0x00001312f3400000, 0x00001312f3400000, 0x00001312f3500000|  0%| F|  |TAMS 0x00001312f3400000, 0x00001312f3400000| Untracked 
|  59|0x00001312f3500000, 0x00001312f3500000, 0x00001312f3600000|  0%| F|  |TAMS 0x00001312f3500000, 0x00001312f3500000| Untracked 
|  60|0x00001312f3600000, 0x00001312f3600000, 0x00001312f3700000|  0%| F|  |TAMS 0x00001312f3600000, 0x00001312f3600000| Untracked 
|  61|0x00001312f3700000, 0x00001312f3700000, 0x00001312f3800000|  0%| F|  |TAMS 0x00001312f3700000, 0x00001312f3700000| Untracked 
|  62|0x00001312f3800000, 0x00001312f3800000, 0x00001312f3900000|  0%| F|  |TAMS 0x00001312f3800000, 0x00001312f3800000| Untracked 
|  63|0x00001312f3900000, 0x00001312f3900000, 0x00001312f3a00000|  0%| F|  |TAMS 0x00001312f3900000, 0x00001312f3900000| Untracked 
|  64|0x00001312f3a00000, 0x00001312f3a00000, 0x00001312f3b00000|  0%| F|  |TAMS 0x00001312f3a00000, 0x00001312f3a00000| Untracked 
|  65|0x00001312f3b00000, 0x00001312f3b00000, 0x00001312f3c00000|  0%| F|  |TAMS 0x00001312f3b00000, 0x00001312f3b00000| Untracked 
|  66|0x00001312f3c00000, 0x00001312f3c00000, 0x00001312f3d00000|  0%| F|  |TAMS 0x00001312f3c00000, 0x00001312f3c00000| Untracked 
|  67|0x00001312f3d00000, 0x00001312f3d00000, 0x00001312f3e00000|  0%| F|  |TAMS 0x00001312f3d00000, 0x00001312f3d00000| Untracked 
|  68|0x00001312f3e00000, 0x00001312f3e00000, 0x00001312f3f00000|  0%| F|  |TAMS 0x00001312f3e00000, 0x00001312f3e00000| Untracked 
|  69|0x00001312f3f00000, 0x00001312f3f00000, 0x00001312f4000000|  0%| F|  |TAMS 0x00001312f3f00000, 0x00001312f3f00000| Untracked 
|  70|0x00001312f4000000, 0x00001312f4000000, 0x00001312f4100000|  0%| F|  |TAMS 0x00001312f4000000, 0x00001312f4000000| Untracked 
|  71|0x00001312f4100000, 0x00001312f4100000, 0x00001312f4200000|  0%| F|  |TAMS 0x00001312f4100000, 0x00001312f4100000| Untracked 
|  72|0x00001312f4200000, 0x00001312f4200000, 0x00001312f4300000|  0%| F|  |TAMS 0x00001312f4200000, 0x00001312f4200000| Untracked 
|  73|0x00001312f4300000, 0x00001312f4300000, 0x00001312f4400000|  0%| F|  |TAMS 0x00001312f4300000, 0x00001312f4300000| Untracked 
|  74|0x00001312f4400000, 0x00001312f4400000, 0x00001312f4500000|  0%| F|  |TAMS 0x00001312f4400000, 0x00001312f4400000| Untracked 
|  75|0x00001312f4500000, 0x00001312f4500000, 0x00001312f4600000|  0%| F|  |TAMS 0x00001312f4500000, 0x00001312f4500000| Untracked 
|  76|0x00001312f4600000, 0x00001312f4600000, 0x00001312f4700000|  0%| F|  |TAMS 0x00001312f4600000, 0x00001312f4600000| Untracked 
|  77|0x00001312f4700000, 0x00001312f4700000, 0x00001312f4800000|  0%| F|  |TAMS 0x00001312f4700000, 0x00001312f4700000| Untracked 
|  78|0x00001312f4800000, 0x00001312f4800000, 0x00001312f4900000|  0%| F|  |TAMS 0x00001312f4800000, 0x00001312f4800000| Untracked 
|  79|0x00001312f4900000, 0x00001312f4900000, 0x00001312f4a00000|  0%| F|  |TAMS 0x00001312f4900000, 0x00001312f4900000| Untracked 
|  80|0x00001312f4a00000, 0x00001312f4a00000, 0x00001312f4b00000|  0%| F|  |TAMS 0x00001312f4a00000, 0x00001312f4a00000| Untracked 
|  81|0x00001312f4b00000, 0x00001312f4b00000, 0x00001312f4c00000|  0%| F|  |TAMS 0x00001312f4b00000, 0x00001312f4b00000| Untracked 
|  82|0x00001312f4c00000, 0x00001312f4c00000, 0x00001312f4d00000|  0%| F|  |TAMS 0x00001312f4c00000, 0x00001312f4c00000| Untracked 
|  83|0x00001312f4d00000, 0x00001312f4d00000, 0x00001312f4e00000|  0%| F|  |TAMS 0x00001312f4d00000, 0x00001312f4d00000| Untracked 
|  84|0x00001312f4e00000, 0x00001312f4e00000, 0x00001312f4f00000|  0%| F|  |TAMS 0x00001312f4e00000, 0x00001312f4e00000| Untracked 
|  85|0x00001312f4f00000, 0x00001312f4f00000, 0x00001312f5000000|  0%| F|  |TAMS 0x00001312f4f00000, 0x00001312f4f00000| Untracked 
|  86|0x00001312f5000000, 0x00001312f5000000, 0x00001312f5100000|  0%| F|  |TAMS 0x00001312f5000000, 0x00001312f5000000| Untracked 
|  87|0x00001312f5100000, 0x00001312f5100000, 0x00001312f5200000|  0%| F|  |TAMS 0x00001312f5100000, 0x00001312f5100000| Untracked 
|  88|0x00001312f5200000, 0x00001312f525a870, 0x00001312f5300000| 35%| S|CS|TAMS 0x00001312f5200000, 0x00001312f5200000| Complete 
|  89|0x00001312f5300000, 0x00001312f5400000, 0x00001312f5400000|100%| S|CS|TAMS 0x00001312f5300000, 0x00001312f5300000| Complete 
|  90|0x00001312f5400000, 0x00001312f5500000, 0x00001312f5500000|100%| S|CS|TAMS 0x00001312f5400000, 0x00001312f5400000| Complete 
|  91|0x00001312f5500000, 0x00001312f5500000, 0x00001312f5600000|  0%| F|  |TAMS 0x00001312f5500000, 0x00001312f5500000| Untracked 
|  92|0x00001312f5600000, 0x00001312f5600000, 0x00001312f5700000|  0%| F|  |TAMS 0x00001312f5600000, 0x00001312f5600000| Untracked 
|  93|0x00001312f5700000, 0x00001312f5700000, 0x00001312f5800000|  0%| F|  |TAMS 0x00001312f5700000, 0x00001312f5700000| Untracked 
|  94|0x00001312f5800000, 0x00001312f5900000, 0x00001312f5900000|100%| S|CS|TAMS 0x00001312f5800000, 0x00001312f5800000| Complete 
|  95|0x00001312f5900000, 0x00001312f5900000, 0x00001312f5a00000|  0%| F|  |TAMS 0x00001312f5900000, 0x00001312f5900000| Untracked 
|  96|0x00001312f5a00000, 0x00001312f5a00000, 0x00001312f5b00000|  0%| F|  |TAMS 0x00001312f5a00000, 0x00001312f5a00000| Untracked 
|  97|0x00001312f5b00000, 0x00001312f5b00000, 0x00001312f5c00000|  0%| F|  |TAMS 0x00001312f5b00000, 0x00001312f5b00000| Untracked 
|  98|0x00001312f5c00000, 0x00001312f5c00000, 0x00001312f5d00000|  0%| F|  |TAMS 0x00001312f5c00000, 0x00001312f5c00000| Untracked 
|  99|0x00001312f5d00000, 0x00001312f5d00000, 0x00001312f5e00000|  0%| F|  |TAMS 0x00001312f5d00000, 0x00001312f5d00000| Untracked 
| 100|0x00001312f5e00000, 0x00001312f5e00000, 0x00001312f5f00000|  0%| F|  |TAMS 0x00001312f5e00000, 0x00001312f5e00000| Untracked 
| 101|0x00001312f5f00000, 0x00001312f6000000, 0x00001312f6000000|100%| S|CS|TAMS 0x00001312f5f00000, 0x00001312f5f00000| Complete 
| 102|0x00001312f6000000, 0x00001312f6100000, 0x00001312f6100000|100%| S|CS|TAMS 0x00001312f6000000, 0x00001312f6000000| Complete 
| 103|0x00001312f6100000, 0x00001312f6200000, 0x00001312f6200000|100%| S|CS|TAMS 0x00001312f6100000, 0x00001312f6100000| Complete 
| 104|0x00001312f6200000, 0x00001312f6300000, 0x00001312f6300000|100%| S|CS|TAMS 0x00001312f6200000, 0x00001312f6200000| Complete 
| 105|0x00001312f6300000, 0x00001312f6400000, 0x00001312f6400000|100%| S|CS|TAMS 0x00001312f6300000, 0x00001312f6300000| Complete 
| 106|0x00001312f6400000, 0x00001312f6500000, 0x00001312f6500000|100%| S|CS|TAMS 0x00001312f6400000, 0x00001312f6400000| Complete 
| 107|0x00001312f6500000, 0x00001312f6600000, 0x00001312f6600000|100%| S|CS|TAMS 0x00001312f6500000, 0x00001312f6500000| Complete 
| 108|0x00001312f6600000, 0x00001312f6600000, 0x00001312f6700000|  0%| F|  |TAMS 0x00001312f6600000, 0x00001312f6600000| Untracked 
| 109|0x00001312f6700000, 0x00001312f6800000, 0x00001312f6800000|100%| S|CS|TAMS 0x00001312f6700000, 0x00001312f6700000| Complete 
| 110|0x00001312f6800000, 0x00001312f6900000, 0x00001312f6900000|100%| S|CS|TAMS 0x00001312f6800000, 0x00001312f6800000| Complete 
| 111|0x00001312f6900000, 0x00001312f6900000, 0x00001312f6a00000|  0%| F|  |TAMS 0x00001312f6900000, 0x00001312f6900000| Untracked 
| 112|0x00001312f6a00000, 0x00001312f6a00000, 0x00001312f6b00000|  0%| F|  |TAMS 0x00001312f6a00000, 0x00001312f6a00000| Untracked 
| 113|0x00001312f6b00000, 0x00001312f6b00000, 0x00001312f6c00000|  0%| F|  |TAMS 0x00001312f6b00000, 0x00001312f6b00000| Untracked 
| 114|0x00001312f6c00000, 0x00001312f6c00000, 0x00001312f6d00000|  0%| F|  |TAMS 0x00001312f6c00000, 0x00001312f6c00000| Untracked 
| 115|0x00001312f6d00000, 0x00001312f6d00000, 0x00001312f6e00000|  0%| F|  |TAMS 0x00001312f6d00000, 0x00001312f6d00000| Untracked 
| 116|0x00001312f6e00000, 0x00001312f6e00000, 0x00001312f6f00000|  0%| F|  |TAMS 0x00001312f6e00000, 0x00001312f6e00000| Untracked 
| 117|0x00001312f6f00000, 0x00001312f6f00000, 0x00001312f7000000|  0%| F|  |TAMS 0x00001312f6f00000, 0x00001312f6f00000| Untracked 
| 118|0x00001312f7000000, 0x00001312f7000000, 0x00001312f7100000|  0%| F|  |TAMS 0x00001312f7000000, 0x00001312f7000000| Untracked 
| 119|0x00001312f7100000, 0x00001312f7100000, 0x00001312f7200000|  0%| F|  |TAMS 0x00001312f7100000, 0x00001312f7100000| Untracked 
| 120|0x00001312f7200000, 0x00001312f7200000, 0x00001312f7300000|  0%| F|  |TAMS 0x00001312f7200000, 0x00001312f7200000| Untracked 
| 121|0x00001312f7300000, 0x00001312f7300000, 0x00001312f7400000|  0%| F|  |TAMS 0x00001312f7300000, 0x00001312f7300000| Untracked 
| 122|0x00001312f7400000, 0x00001312f7400000, 0x00001312f7500000|  0%| F|  |TAMS 0x00001312f7400000, 0x00001312f7400000| Untracked 
| 123|0x00001312f7500000, 0x00001312f7500000, 0x00001312f7600000|  0%| F|  |TAMS 0x00001312f7500000, 0x00001312f7500000| Untracked 
| 124|0x00001312f7600000, 0x00001312f7600000, 0x00001312f7700000|  0%| F|  |TAMS 0x00001312f7600000, 0x00001312f7600000| Untracked 
| 125|0x00001312f7700000, 0x00001312f7700000, 0x00001312f7800000|  0%| F|  |TAMS 0x00001312f7700000, 0x00001312f7700000| Untracked 
| 126|0x00001312f7800000, 0x00001312f7800000, 0x00001312f7900000|  0%| F|  |TAMS 0x00001312f7800000, 0x00001312f7800000| Untracked 
| 127|0x00001312f7900000, 0x00001312f7900000, 0x00001312f7a00000|  0%| F|  |TAMS 0x00001312f7900000, 0x00001312f7900000| Untracked 
| 128|0x00001312f7a00000, 0x00001312f7a00000, 0x00001312f7b00000|  0%| F|  |TAMS 0x00001312f7a00000, 0x00001312f7a00000| Untracked 
| 129|0x00001312f7b00000, 0x00001312f7b00000, 0x00001312f7c00000|  0%| F|  |TAMS 0x00001312f7b00000, 0x00001312f7b00000| Untracked 
| 130|0x00001312f7c00000, 0x00001312f7c00000, 0x00001312f7d00000|  0%| F|  |TAMS 0x00001312f7c00000, 0x00001312f7c00000| Untracked 
| 131|0x00001312f7d00000, 0x00001312f7d00000, 0x00001312f7e00000|  0%| F|  |TAMS 0x00001312f7d00000, 0x00001312f7d00000| Untracked 
| 132|0x00001312f7e00000, 0x00001312f7e00000, 0x00001312f7f00000|  0%| F|  |TAMS 0x00001312f7e00000, 0x00001312f7e00000| Untracked 
| 133|0x00001312f7f00000, 0x00001312f7f00000, 0x00001312f8000000|  0%| F|  |TAMS 0x00001312f7f00000, 0x00001312f7f00000| Untracked 
| 134|0x00001312f8000000, 0x00001312f8000000, 0x00001312f8100000|  0%| F|  |TAMS 0x00001312f8000000, 0x00001312f8000000| Untracked 
| 135|0x00001312f8100000, 0x00001312f8100000, 0x00001312f8200000|  0%| F|  |TAMS 0x00001312f8100000, 0x00001312f8100000| Untracked 
| 136|0x00001312f8200000, 0x00001312f8200000, 0x00001312f8300000|  0%| F|  |TAMS 0x00001312f8200000, 0x00001312f8200000| Untracked 
| 137|0x00001312f8300000, 0x00001312f8300000, 0x00001312f8400000|  0%| F|  |TAMS 0x00001312f8300000, 0x00001312f8300000| Untracked 
| 138|0x00001312f8400000, 0x00001312f8400000, 0x00001312f8500000|  0%| F|  |TAMS 0x00001312f8400000, 0x00001312f8400000| Untracked 
| 139|0x00001312f8500000, 0x00001312f8500000, 0x00001312f8600000|  0%| F|  |TAMS 0x00001312f8500000, 0x00001312f8500000| Untracked 
| 140|0x00001312f8600000, 0x00001312f8600000, 0x00001312f8700000|  0%| F|  |TAMS 0x00001312f8600000, 0x00001312f8600000| Untracked 
| 141|0x00001312f8700000, 0x00001312f8700000, 0x00001312f8800000|  0%| F|  |TAMS 0x00001312f8700000, 0x00001312f8700000| Untracked 
| 142|0x00001312f8800000, 0x00001312f8800000, 0x00001312f8900000|  0%| F|  |TAMS 0x00001312f8800000, 0x00001312f8800000| Untracked 
| 143|0x00001312f8900000, 0x00001312f8900000, 0x00001312f8a00000|  0%| F|  |TAMS 0x00001312f8900000, 0x00001312f8900000| Untracked 
| 144|0x00001312f8a00000, 0x00001312f8a00000, 0x00001312f8b00000|  0%| F|  |TAMS 0x00001312f8a00000, 0x00001312f8a00000| Untracked 
| 145|0x00001312f8b00000, 0x00001312f8b00000, 0x00001312f8c00000|  0%| F|  |TAMS 0x00001312f8b00000, 0x00001312f8b00000| Untracked 
| 146|0x00001312f8c00000, 0x00001312f8c00000, 0x00001312f8d00000|  0%| F|  |TAMS 0x00001312f8c00000, 0x00001312f8c00000| Untracked 
| 147|0x00001312f8d00000, 0x00001312f8d00000, 0x00001312f8e00000|  0%| F|  |TAMS 0x00001312f8d00000, 0x00001312f8d00000| Untracked 
| 148|0x00001312f8e00000, 0x00001312f8e00000, 0x00001312f8f00000|  0%| F|  |TAMS 0x00001312f8e00000, 0x00001312f8e00000| Untracked 
| 149|0x00001312f8f00000, 0x00001312f8f00000, 0x00001312f9000000|  0%| F|  |TAMS 0x00001312f8f00000, 0x00001312f8f00000| Untracked 
| 150|0x00001312f9000000, 0x00001312f9000000, 0x00001312f9100000|  0%| F|  |TAMS 0x00001312f9000000, 0x00001312f9000000| Untracked 
| 151|0x00001312f9100000, 0x00001312f9100000, 0x00001312f9200000|  0%| F|  |TAMS 0x00001312f9100000, 0x00001312f9100000| Untracked 
| 152|0x00001312f9200000, 0x00001312f9200000, 0x00001312f9300000|  0%| F|  |TAMS 0x00001312f9200000, 0x00001312f9200000| Untracked 
| 153|0x00001312f9300000, 0x00001312f9300000, 0x00001312f9400000|  0%| F|  |TAMS 0x00001312f9300000, 0x00001312f9300000| Untracked 
| 154|0x00001312f9400000, 0x00001312f9400000, 0x00001312f9500000|  0%| F|  |TAMS 0x00001312f9400000, 0x00001312f9400000| Untracked 
| 155|0x00001312f9500000, 0x00001312f9500000, 0x00001312f9600000|  0%| F|  |TAMS 0x00001312f9500000, 0x00001312f9500000| Untracked 
| 156|0x00001312f9600000, 0x00001312f9600000, 0x00001312f9700000|  0%| F|  |TAMS 0x00001312f9600000, 0x00001312f9600000| Untracked 
| 157|0x00001312f9700000, 0x00001312f97e7818, 0x00001312f9800000| 90%| E|  |TAMS 0x00001312f9700000, 0x00001312f9700000| Complete 
| 158|0x00001312f9800000, 0x00001312f9900000, 0x00001312f9900000|100%| E|CS|TAMS 0x00001312f9800000, 0x00001312f9800000| Complete 
| 159|0x00001312f9900000, 0x00001312f9a00000, 0x00001312f9a00000|100%| E|CS|TAMS 0x00001312f9900000, 0x00001312f9900000| Complete 
| 160|0x00001312f9a00000, 0x00001312f9b00000, 0x00001312f9b00000|100%| E|CS|TAMS 0x00001312f9a00000, 0x00001312f9a00000| Complete 
| 161|0x00001312f9b00000, 0x00001312f9c00000, 0x00001312f9c00000|100%| E|CS|TAMS 0x00001312f9b00000, 0x00001312f9b00000| Complete 
| 162|0x00001312f9c00000, 0x00001312f9d00000, 0x00001312f9d00000|100%| E|CS|TAMS 0x00001312f9c00000, 0x00001312f9c00000| Complete 
| 163|0x00001312f9d00000, 0x00001312f9e00000, 0x00001312f9e00000|100%| E|CS|TAMS 0x00001312f9d00000, 0x00001312f9d00000| Complete 
| 164|0x00001312f9e00000, 0x00001312f9f00000, 0x00001312f9f00000|100%| E|CS|TAMS 0x00001312f9e00000, 0x00001312f9e00000| Complete 
| 165|0x00001312f9f00000, 0x00001312fa000000, 0x00001312fa000000|100%| E|CS|TAMS 0x00001312f9f00000, 0x00001312f9f00000| Complete 
| 166|0x00001312fa000000, 0x00001312fa100000, 0x00001312fa100000|100%| E|CS|TAMS 0x00001312fa000000, 0x00001312fa000000| Complete 
| 167|0x00001312fa100000, 0x00001312fa200000, 0x00001312fa200000|100%| E|CS|TAMS 0x00001312fa100000, 0x00001312fa100000| Complete 
| 168|0x00001312fa200000, 0x00001312fa300000, 0x00001312fa300000|100%| E|CS|TAMS 0x00001312fa200000, 0x00001312fa200000| Complete 
| 169|0x00001312fa300000, 0x00001312fa400000, 0x00001312fa400000|100%| E|CS|TAMS 0x00001312fa300000, 0x00001312fa300000| Complete 
| 170|0x00001312fa400000, 0x00001312fa500000, 0x00001312fa500000|100%| E|CS|TAMS 0x00001312fa400000, 0x00001312fa400000| Complete 
| 171|0x00001312fa500000, 0x00001312fa600000, 0x00001312fa600000|100%| E|CS|TAMS 0x00001312fa500000, 0x00001312fa500000| Complete 
| 172|0x00001312fa600000, 0x00001312fa700000, 0x00001312fa700000|100%| E|CS|TAMS 0x00001312fa600000, 0x00001312fa600000| Complete 
| 173|0x00001312fa700000, 0x00001312fa800000, 0x00001312fa800000|100%| E|CS|TAMS 0x00001312fa700000, 0x00001312fa700000| Complete 
| 174|0x00001312fa800000, 0x00001312fa900000, 0x00001312fa900000|100%| E|CS|TAMS 0x00001312fa800000, 0x00001312fa800000| Complete 
| 175|0x00001312fa900000, 0x00001312faa00000, 0x00001312faa00000|100%| E|CS|TAMS 0x00001312fa900000, 0x00001312fa900000| Complete 
| 176|0x00001312faa00000, 0x00001312fab00000, 0x00001312fab00000|100%| E|CS|TAMS 0x00001312faa00000, 0x00001312faa00000| Complete 
| 177|0x00001312fab00000, 0x00001312fac00000, 0x00001312fac00000|100%| E|CS|TAMS 0x00001312fab00000, 0x00001312fab00000| Complete 
| 178|0x00001312fac00000, 0x00001312fad00000, 0x00001312fad00000|100%| E|CS|TAMS 0x00001312fac00000, 0x00001312fac00000| Complete 
| 179|0x00001312fad00000, 0x00001312fae00000, 0x00001312fae00000|100%| E|CS|TAMS 0x00001312fad00000, 0x00001312fad00000| Complete 
| 180|0x00001312fae00000, 0x00001312faf00000, 0x00001312faf00000|100%| E|CS|TAMS 0x00001312fae00000, 0x00001312fae00000| Complete 
| 181|0x00001312faf00000, 0x00001312fb000000, 0x00001312fb000000|100%| E|CS|TAMS 0x00001312faf00000, 0x00001312faf00000| Complete 
| 182|0x00001312fb000000, 0x00001312fb100000, 0x00001312fb100000|100%| E|CS|TAMS 0x00001312fb000000, 0x00001312fb000000| Complete 
| 183|0x00001312fb100000, 0x00001312fb200000, 0x00001312fb200000|100%| E|CS|TAMS 0x00001312fb100000, 0x00001312fb100000| Complete 
| 184|0x00001312fb200000, 0x00001312fb300000, 0x00001312fb300000|100%| E|CS|TAMS 0x00001312fb200000, 0x00001312fb200000| Complete 
| 185|0x00001312fb300000, 0x00001312fb400000, 0x00001312fb400000|100%| E|CS|TAMS 0x00001312fb300000, 0x00001312fb300000| Complete 
| 186|0x00001312fb400000, 0x00001312fb500000, 0x00001312fb500000|100%| E|CS|TAMS 0x00001312fb400000, 0x00001312fb400000| Complete 
| 187|0x00001312fb500000, 0x00001312fb600000, 0x00001312fb600000|100%| E|CS|TAMS 0x00001312fb500000, 0x00001312fb500000| Complete 
| 188|0x00001312fb600000, 0x00001312fb700000, 0x00001312fb700000|100%| E|CS|TAMS 0x00001312fb600000, 0x00001312fb600000| Complete 
| 189|0x00001312fb700000, 0x00001312fb800000, 0x00001312fb800000|100%| E|CS|TAMS 0x00001312fb700000, 0x00001312fb700000| Complete 
| 190|0x00001312fb800000, 0x00001312fb900000, 0x00001312fb900000|100%| E|CS|TAMS 0x00001312fb800000, 0x00001312fb800000| Complete 
| 191|0x00001312fb900000, 0x00001312fba00000, 0x00001312fba00000|100%| E|CS|TAMS 0x00001312fb900000, 0x00001312fb900000| Complete 
| 192|0x00001312fba00000, 0x00001312fbb00000, 0x00001312fbb00000|100%| E|CS|TAMS 0x00001312fba00000, 0x00001312fba00000| Complete 
| 193|0x00001312fbb00000, 0x00001312fbc00000, 0x00001312fbc00000|100%| E|CS|TAMS 0x00001312fbb00000, 0x00001312fbb00000| Complete 
| 194|0x00001312fbc00000, 0x00001312fbd00000, 0x00001312fbd00000|100%| E|CS|TAMS 0x00001312fbc00000, 0x00001312fbc00000| Complete 
| 195|0x00001312fbd00000, 0x00001312fbe00000, 0x00001312fbe00000|100%| E|CS|TAMS 0x00001312fbd00000, 0x00001312fbd00000| Complete 
| 196|0x00001312fbe00000, 0x00001312fbf00000, 0x00001312fbf00000|100%| E|CS|TAMS 0x00001312fbe00000, 0x00001312fbe00000| Complete 
| 197|0x00001312fbf00000, 0x00001312fc000000, 0x00001312fc000000|100%| E|CS|TAMS 0x00001312fbf00000, 0x00001312fbf00000| Complete 
| 198|0x00001312fc000000, 0x00001312fc100000, 0x00001312fc100000|100%| E|CS|TAMS 0x00001312fc000000, 0x00001312fc000000| Complete 
| 199|0x00001312fc100000, 0x00001312fc200000, 0x00001312fc200000|100%| E|CS|TAMS 0x00001312fc100000, 0x00001312fc100000| Complete 
| 200|0x00001312fc200000, 0x00001312fc300000, 0x00001312fc300000|100%| E|CS|TAMS 0x00001312fc200000, 0x00001312fc200000| Complete 
| 201|0x00001312fc300000, 0x00001312fc400000, 0x00001312fc400000|100%| E|CS|TAMS 0x00001312fc300000, 0x00001312fc300000| Complete 
| 202|0x00001312fc400000, 0x00001312fc500000, 0x00001312fc500000|100%| E|CS|TAMS 0x00001312fc400000, 0x00001312fc400000| Complete 
| 203|0x00001312fc500000, 0x00001312fc600000, 0x00001312fc600000|100%| E|CS|TAMS 0x00001312fc500000, 0x00001312fc500000| Complete 
| 204|0x00001312fc600000, 0x00001312fc700000, 0x00001312fc700000|100%| E|CS|TAMS 0x00001312fc600000, 0x00001312fc600000| Complete 
| 205|0x00001312fc700000, 0x00001312fc800000, 0x00001312fc800000|100%| E|CS|TAMS 0x00001312fc700000, 0x00001312fc700000| Complete 
| 206|0x00001312fc800000, 0x00001312fc900000, 0x00001312fc900000|100%| E|CS|TAMS 0x00001312fc800000, 0x00001312fc800000| Complete 
| 207|0x00001312fc900000, 0x00001312fca00000, 0x00001312fca00000|100%| E|CS|TAMS 0x00001312fc900000, 0x00001312fc900000| Complete 
| 208|0x00001312fca00000, 0x00001312fcb00000, 0x00001312fcb00000|100%| E|CS|TAMS 0x00001312fca00000, 0x00001312fca00000| Complete 
| 209|0x00001312fcb00000, 0x00001312fcc00000, 0x00001312fcc00000|100%| E|CS|TAMS 0x00001312fcb00000, 0x00001312fcb00000| Complete 
| 210|0x00001312fcc00000, 0x00001312fcd00000, 0x00001312fcd00000|100%| E|CS|TAMS 0x00001312fcc00000, 0x00001312fcc00000| Complete 
| 211|0x00001312fcd00000, 0x00001312fce00000, 0x00001312fce00000|100%| E|CS|TAMS 0x00001312fcd00000, 0x00001312fcd00000| Complete 
| 212|0x00001312fce00000, 0x00001312fcf00000, 0x00001312fcf00000|100%| E|CS|TAMS 0x00001312fce00000, 0x00001312fce00000| Complete 
| 213|0x00001312fcf00000, 0x00001312fd000000, 0x00001312fd000000|100%| E|CS|TAMS 0x00001312fcf00000, 0x00001312fcf00000| Complete 
| 214|0x00001312fd000000, 0x00001312fd100000, 0x00001312fd100000|100%| E|CS|TAMS 0x00001312fd000000, 0x00001312fd000000| Complete 
| 215|0x00001312fd100000, 0x00001312fd200000, 0x00001312fd200000|100%| E|CS|TAMS 0x00001312fd100000, 0x00001312fd100000| Complete 
| 216|0x00001312fd200000, 0x00001312fd300000, 0x00001312fd300000|100%| E|CS|TAMS 0x00001312fd200000, 0x00001312fd200000| Complete 
| 217|0x00001312fd300000, 0x00001312fd400000, 0x00001312fd400000|100%| E|CS|TAMS 0x00001312fd300000, 0x00001312fd300000| Complete 
| 218|0x00001312fd400000, 0x00001312fd500000, 0x00001312fd500000|100%| E|CS|TAMS 0x00001312fd400000, 0x00001312fd400000| Complete 
| 219|0x00001312fd500000, 0x00001312fd600000, 0x00001312fd600000|100%| E|CS|TAMS 0x00001312fd500000, 0x00001312fd500000| Complete 
| 220|0x00001312fd600000, 0x00001312fd700000, 0x00001312fd700000|100%| E|CS|TAMS 0x00001312fd600000, 0x00001312fd600000| Complete 
| 221|0x00001312fd700000, 0x00001312fd800000, 0x00001312fd800000|100%| E|CS|TAMS 0x00001312fd700000, 0x00001312fd700000| Complete 
| 222|0x00001312fd800000, 0x00001312fd900000, 0x00001312fd900000|100%| E|CS|TAMS 0x00001312fd800000, 0x00001312fd800000| Complete 
| 223|0x00001312fd900000, 0x00001312fda00000, 0x00001312fda00000|100%| E|CS|TAMS 0x00001312fd900000, 0x00001312fd900000| Complete 
| 224|0x00001312fda00000, 0x00001312fdb00000, 0x00001312fdb00000|100%| E|CS|TAMS 0x00001312fda00000, 0x00001312fda00000| Complete 
| 225|0x00001312fdb00000, 0x00001312fdc00000, 0x00001312fdc00000|100%| E|CS|TAMS 0x00001312fdb00000, 0x00001312fdb00000| Complete 
| 226|0x00001312fdc00000, 0x00001312fdd00000, 0x00001312fdd00000|100%| E|CS|TAMS 0x00001312fdc00000, 0x00001312fdc00000| Complete 
| 227|0x00001312fdd00000, 0x00001312fde00000, 0x00001312fde00000|100%| E|CS|TAMS 0x00001312fdd00000, 0x00001312fdd00000| Complete 
| 228|0x00001312fde00000, 0x00001312fdf00000, 0x00001312fdf00000|100%| E|CS|TAMS 0x00001312fde00000, 0x00001312fde00000| Complete 
| 229|0x00001312fdf00000, 0x00001312fe000000, 0x00001312fe000000|100%| E|CS|TAMS 0x00001312fdf00000, 0x00001312fdf00000| Complete 
| 230|0x00001312fe000000, 0x00001312fe100000, 0x00001312fe100000|100%| E|CS|TAMS 0x00001312fe000000, 0x00001312fe000000| Complete 
| 231|0x00001312fe100000, 0x00001312fe200000, 0x00001312fe200000|100%| E|CS|TAMS 0x00001312fe100000, 0x00001312fe100000| Complete 
| 232|0x00001312fe200000, 0x00001312fe300000, 0x00001312fe300000|100%| E|CS|TAMS 0x00001312fe200000, 0x00001312fe200000| Complete 
| 233|0x00001312fe300000, 0x00001312fe400000, 0x00001312fe400000|100%| E|CS|TAMS 0x00001312fe300000, 0x00001312fe300000| Complete 
| 234|0x00001312fe400000, 0x00001312fe500000, 0x00001312fe500000|100%| E|CS|TAMS 0x00001312fe400000, 0x00001312fe400000| Complete 
| 235|0x00001312fe500000, 0x00001312fe600000, 0x00001312fe600000|100%| E|CS|TAMS 0x00001312fe500000, 0x00001312fe500000| Complete 
| 236|0x00001312fe600000, 0x00001312fe700000, 0x00001312fe700000|100%| E|CS|TAMS 0x00001312fe600000, 0x00001312fe600000| Complete 
| 237|0x00001312fe700000, 0x00001312fe800000, 0x00001312fe800000|100%| E|CS|TAMS 0x00001312fe700000, 0x00001312fe700000| Complete 
| 238|0x00001312fe800000, 0x00001312fe900000, 0x00001312fe900000|100%| E|CS|TAMS 0x00001312fe800000, 0x00001312fe800000| Complete 
| 239|0x00001312fe900000, 0x00001312fea00000, 0x00001312fea00000|100%| E|CS|TAMS 0x00001312fe900000, 0x00001312fe900000| Complete 
| 240|0x00001312fea00000, 0x00001312feb00000, 0x00001312feb00000|100%| E|CS|TAMS 0x00001312fea00000, 0x00001312fea00000| Complete 
| 241|0x00001312feb00000, 0x00001312fec00000, 0x00001312fec00000|100%| E|CS|TAMS 0x00001312feb00000, 0x00001312feb00000| Complete 
| 242|0x00001312fec00000, 0x00001312fed00000, 0x00001312fed00000|100%| E|CS|TAMS 0x00001312fec00000, 0x00001312fec00000| Complete 
| 243|0x00001312fed00000, 0x00001312fee00000, 0x00001312fee00000|100%| E|CS|TAMS 0x00001312fed00000, 0x00001312fed00000| Complete 
| 244|0x00001312fee00000, 0x00001312fef00000, 0x00001312fef00000|100%| E|CS|TAMS 0x00001312fee00000, 0x00001312fee00000| Complete 
| 245|0x00001312fef00000, 0x00001312ff000000, 0x00001312ff000000|100%| E|CS|TAMS 0x00001312fef00000, 0x00001312fef00000| Complete 
| 246|0x00001312ff000000, 0x00001312ff100000, 0x00001312ff100000|100%| E|CS|TAMS 0x00001312ff000000, 0x00001312ff000000| Complete 
| 247|0x00001312ff100000, 0x00001312ff200000, 0x00001312ff200000|100%| E|CS|TAMS 0x00001312ff100000, 0x00001312ff100000| Complete 
| 248|0x00001312ff200000, 0x00001312ff300000, 0x00001312ff300000|100%| E|CS|TAMS 0x00001312ff200000, 0x00001312ff200000| Complete 
| 249|0x00001312ff300000, 0x00001312ff400000, 0x00001312ff400000|100%| E|CS|TAMS 0x00001312ff300000, 0x00001312ff300000| Complete 
| 250|0x00001312ff400000, 0x00001312ff500000, 0x00001312ff500000|100%| E|CS|TAMS 0x00001312ff400000, 0x00001312ff400000| Complete 
| 251|0x00001312ff500000, 0x00001312ff600000, 0x00001312ff600000|100%| E|CS|TAMS 0x00001312ff500000, 0x00001312ff500000| Complete 
| 252|0x00001312ff600000, 0x00001312ff700000, 0x00001312ff700000|100%| E|CS|TAMS 0x00001312ff600000, 0x00001312ff600000| Complete 
| 255|0x00001312ff900000, 0x00001312ffa00000, 0x00001312ffa00000|100%| E|CS|TAMS 0x00001312ff900000, 0x00001312ff900000| Complete 
|1022|0x000013132f800000, 0x000013132f875000, 0x000013132f900000| 45%|OA|  |TAMS 0x000013132f875000, 0x000013132f800000| Untracked 
|1023|0x000013132f900000, 0x000013132f980000, 0x000013132fa00000| 50%|CA|  |TAMS 0x000013132f980000, 0x000013132f900000| Untracked 

Card table byte_map: [0x000013133106e000,0x000013133126e000] _byte_map_base: 0x00001309a78f1000

Marking Bits (Prev, Next): (CMBitMap*) 0x00001312cda44e10, (CMBitMap*) 0x00001312cda44e50
 Prev Bits: [0x0000131333008000, 0x0000131334008000)
 Next Bits: [0x0000131334872000, 0x0000131335872000)

Polling page: 0x00001312ced96000

Metaspace:

Usage:
  Non-class:     64,66 MB used.
      Class:     10,47 MB used.
       Both:     75,13 MB used.

Virtual space:
  Non-class space:       72,00 MB reserved,      65,12 MB ( 90%) committed,  9 nodes.
      Class space:      104,00 MB reserved,      10,88 MB ( 10%) committed,  1 nodes.
             Both:      176,00 MB reserved,      76,00 MB ( 43%) committed. 

Chunk freelists:
   Non-Class:  2,23 MB
       Class:  1,06 MB
        Both:  3,30 MB

MaxMetaspaceSize: 128,00 MB
CompressedClassSpaceSize: 104,00 MB
Initial GC threshold: 21,00 MB
Current GC threshold: 109,50 MB
CDS: on
MetaspaceReclaimPolicy: balanced
 - commit_granule_bytes: 65536.
 - commit_granule_words: 8192.
 - virtual_space_node_default_size: 1048576.
 - enlarge_chunks_in_place: 1.
 - new_chunks_are_fully_committed: 0.
 - uncommit_free_chunks: 1.
 - use_allocation_guard: 0.
 - handle_deallocations: 1.


Internal statistics:

num_allocs_failed_limit: 15.
num_arena_births: 1240.
num_arena_deaths: 0.
num_vsnodes_births: 10.
num_vsnodes_deaths: 0.
num_space_committed: 1216.
num_space_uncommitted: 0.
num_chunks_returned_to_freelist: 15.
num_chunks_taken_from_freelist: 4496.
num_chunk_merges: 12.
num_chunk_splits: 2887.
num_chunks_enlarged: 1792.
num_purges: 0.
num_inconsistent_stats: 0.

CodeHeap 'non-profiled nmethods': size=119168Kb used=10016Kb max_used=10016Kb free=109151Kb
 bounds [0x00001312e37bc000, 0x00001312e418c000, 0x00001312eac1c000]
CodeHeap 'profiled nmethods': size=119164Kb used=24338Kb max_used=24338Kb free=94825Kb
 bounds [0x00001312dc35d000, 0x00001312ddb2d000, 0x00001312e37bc000]
CodeHeap 'non-nmethods': size=7428Kb used=3494Kb max_used=4169Kb free=3933Kb
 bounds [0x00001312dbc1c000, 0x00001312dc03c000, 0x00001312dc35d000]
 total_blobs=13832 nmethods=12927 adapters=815
 compilation: enabled
              stopped_count=0, restarted_count=0
 full_count=0

Compilation events (20 events):
Event: 2874,329 Thread 0x000013135a1d3700 14868       4       org.gradle.internal.event.DefaultListenerManager$EventBroadcast::takeOwnership (45 bytes)
Event: 2874,329 Thread 0x000013135a1d0500 14984       3       org.gradle.internal.snapshot.impl.NullValueSnapshot::snapshot (14 bytes)
Event: 2874,330 Thread 0x000013135a1d0500 nmethod 14984 0x00001312ddb1eb90 code [0x00001312ddb1ed60, 0x00001312ddb1f160]
Event: 2874,330 Thread 0x000013135a1d0500 14985       1       org.gradle.api.internal.artifacts.ivyservice.ResolvedFileCollectionVisitor::getFailures (5 bytes)
Event: 2874,330 Thread 0x000013135a1d0500 nmethod 14985 0x00001312e4172010 code [0x00001312e41721a0, 0x00001312e4172270]
Event: 2874,330 Thread 0x00001312cd9c8600 14986       3       com.github.jengelman.gradle.plugins.shadow.internal.DefaultDependencyFilter$_resolve_closure1::$getCallSiteArray (40 bytes)
Event: 2874,330 Thread 0x000013135a1d0500 14987       3       org.gradle.internal.operations.BuildOperationDescriptor$Builder::progressDisplayName (7 bytes)
Event: 2874,330 Thread 0x000013135a1d0500 nmethod 14987 0x00001312ddb1f290 code [0x00001312ddb1f420, 0x00001312ddb1f590]
Event: 2874,331 Thread 0x00001312cd9c8600 nmethod 14986 0x00001312ddb1f610 code [0x00001312ddb1f820, 0x00001312ddb1ffa0]
Event: 2874,332 Thread 0x00001312cd9c8600 14988       3       org.gradle.api.java.archives.internal.DefaultManifestMergeSpec::resolveValueToString (33 bytes)
Event: 2874,332 Thread 0x000013135a1d0500 14989       1       org.gradle.api.java.archives.internal.DefaultManifestMergeDetails::isExcluded (5 bytes)
Event: 2874,333 Thread 0x000013135a1d0500 nmethod 14989 0x00001312e4172310 code [0x00001312e41724a0, 0x00001312e4172570]
Event: 2874,333 Thread 0x000013135a1d0500 14990       1       org.gradle.api.java.archives.internal.DefaultManifestMergeDetails::getKey (5 bytes)
Event: 2874,333 Thread 0x000013135a1d0500 nmethod 14990 0x00001312e4172610 code [0x00001312e41727a0, 0x00001312e4172870]
Event: 2874,333 Thread 0x000013135a1d0500 14991       1       org.gradle.api.java.archives.internal.DefaultManifestMergeDetails::getValue (5 bytes)
Event: 2874,333 Thread 0x000013135a1d0500 nmethod 14991 0x00001312e4172910 code [0x00001312e4172aa0, 0x00001312e4172b70]
Event: 2874,333 Thread 0x00001312cd9c8600 nmethod 14988 0x00001312ddb20210 code [0x00001312ddb204a0, 0x00001312ddb21300]
Event: 2874,333 Thread 0x00001312cd9c8600 14992       3       org.gradle.execution.plan.Node::isExecuting (16 bytes)
Event: 2874,333 Thread 0x00001312cd9c8600 nmethod 14992 0x00001312ddb21590 code [0x00001312ddb21720, 0x00001312ddb21890]
Event: 2874,334 Thread 0x000013135a1d0500 14994       3       com.google.common.collect.ImmutableList::forEach (35 bytes)

GC Heap History (20 events):
Event: 27,261 GC heap before
{Heap before GC invocations=4 (full 0):
 garbage-first heap   total 262144K, used 136564K [0x00001312efa00000, 0x000013132fa00000)
  region size 1024K, 123 young (125952K), 12 survivors (12288K)
 Metaspace       used 35699K, committed 36096K, reserved 139264K
  class space    used 5065K, committed 5248K, reserved 106496K
}
Event: 27,271 GC heap after
{Heap after GC invocations=5 (full 0):
 garbage-first heap   total 262144K, used 30218K [0x00001312efa00000, 0x000013132fa00000)
  region size 1024K, 14 young (14336K), 14 survivors (14336K)
 Metaspace       used 35699K, committed 36096K, reserved 139264K
  class space    used 5065K, committed 5248K, reserved 106496K
}
Event: 48,450 GC heap before
{Heap before GC invocations=6 (full 0):
 garbage-first heap   total 262144K, used 176650K [0x00001312efa00000, 0x000013132fa00000)
  region size 1024K, 153 young (156672K), 14 survivors (14336K)
 Metaspace       used 47568K, committed 48128K, reserved 155648K
  class space    used 6825K, committed 7104K, reserved 106496K
}
Event: 48,463 GC heap after
{Heap after GC invocations=7 (full 0):
 garbage-first heap   total 262144K, used 39708K [0x00001312efa00000, 0x000013132fa00000)
  region size 1024K, 17 young (17408K), 17 survivors (17408K)
 Metaspace       used 47568K, committed 48128K, reserved 155648K
  class space    used 6825K, committed 7104K, reserved 106496K
}
Event: 60,753 GC heap before
{Heap before GC invocations=7 (full 0):
 garbage-first heap   total 262144K, used 177948K [0x00001312efa00000, 0x000013132fa00000)
  region size 1024K, 153 young (156672K), 17 survivors (17408K)
 Metaspace       used 59225K, committed 59968K, reserved 163840K
  class space    used 8562K, committed 8896K, reserved 106496K
}
Event: 60,765 GC heap after
{Heap after GC invocations=8 (full 0):
 garbage-first heap   total 262144K, used 50046K [0x00001312efa00000, 0x000013132fa00000)
  region size 1024K, 20 young (20480K), 20 survivors (20480K)
 Metaspace       used 59225K, committed 59968K, reserved 163840K
  class space    used 8562K, committed 8896K, reserved 106496K
}
Event: 60,786 GC heap before
{Heap before GC invocations=8 (full 0):
 garbage-first heap   total 262144K, used 51070K [0x00001312efa00000, 0x000013132fa00000)
  region size 1024K, 22 young (22528K), 20 survivors (20480K)
 Metaspace       used 59650K, committed 60288K, reserved 163840K
  class space    used 8619K, committed 8896K, reserved 106496K
}
Event: 60,795 GC heap after
{Heap after GC invocations=9 (full 0):
 garbage-first heap   total 262144K, used 51715K [0x00001312efa00000, 0x000013132fa00000)
  region size 1024K, 12 young (12288K), 12 survivors (12288K)
 Metaspace       used 59650K, committed 60288K, reserved 163840K
  class space    used 8619K, committed 8896K, reserved 106496K
}
Event: 76,792 GC heap before
{Heap before GC invocations=10 (full 0):
 garbage-first heap   total 262144K, used 195075K [0x00001312efa00000, 0x000013132fa00000)
  region size 1024K, 153 young (156672K), 12 survivors (12288K)
 Metaspace       used 66563K, committed 67264K, reserved 172032K
  class space    used 9489K, committed 9792K, reserved 106496K
}
Event: 76,800 GC heap after
{Heap after GC invocations=11 (full 0):
 garbage-first heap   total 262144K, used 55495K [0x00001312efa00000, 0x000013132fa00000)
  region size 1024K, 6 young (6144K), 6 survivors (6144K)
 Metaspace       used 66563K, committed 67264K, reserved 172032K
  class space    used 9489K, committed 9792K, reserved 106496K
}
Event: 77,766 GC heap before
{Heap before GC invocations=12 (full 0):
 garbage-first heap   total 262144K, used 203975K [0x00001312efa00000, 0x000013132fa00000)
  region size 1024K, 152 young (155648K), 6 survivors (6144K)
 Metaspace       used 68123K, committed 68864K, reserved 172032K
  class space    used 9688K, committed 9984K, reserved 106496K
}
Event: 77,771 GC heap after
{Heap after GC invocations=13 (full 0):
 garbage-first heap   total 262144K, used 57521K [0x00001312efa00000, 0x000013132fa00000)
  region size 1024K, 8 young (8192K), 8 survivors (8192K)
 Metaspace       used 68123K, committed 68864K, reserved 172032K
  class space    used 9688K, committed 9984K, reserved 106496K
}
Event: 85,372 GC heap before
{Heap before GC invocations=13 (full 0):
 garbage-first heap   total 262144K, used 204977K [0x00001312efa00000, 0x000013132fa00000)
  region size 1024K, 153 young (156672K), 8 survivors (8192K)
 Metaspace       used 72434K, committed 73280K, reserved 172032K
  class space    used 10361K, committed 10752K, reserved 106496K
}
Event: 85,378 GC heap after
{Heap after GC invocations=14 (full 0):
 garbage-first heap   total 262144K, used 61740K [0x00001312efa00000, 0x000013132fa00000)
  region size 1024K, 12 young (12288K), 12 survivors (12288K)
 Metaspace       used 72434K, committed 73280K, reserved 172032K
  class space    used 10361K, committed 10752K, reserved 106496K
}
Event: 1524,432 GC heap before
{Heap before GC invocations=14 (full 0):
 garbage-first heap   total 262144K, used 205100K [0x00001312efa00000, 0x000013132fa00000)
  region size 1024K, 153 young (156672K), 12 survivors (12288K)
 Metaspace       used 75823K, committed 76736K, reserved 180224K
  class space    used 10656K, committed 11072K, reserved 106496K
}
Event: 1524,440 GC heap after
{Heap after GC invocations=15 (full 0):
 garbage-first heap   total 262144K, used 65310K [0x00001312efa00000, 0x000013132fa00000)
  region size 1024K, 13 young (13312K), 13 survivors (13312K)
 Metaspace       used 75823K, committed 76736K, reserved 180224K
  class space    used 10656K, committed 11072K, reserved 106496K
}
Event: 1528,650 GC heap before
{Heap before GC invocations=15 (full 0):
 garbage-first heap   total 262144K, used 208670K [0x00001312efa00000, 0x000013132fa00000)
  region size 1024K, 153 young (156672K), 13 survivors (13312K)
 Metaspace       used 76047K, committed 76992K, reserved 180224K
  class space    used 10665K, committed 11072K, reserved 106496K
}
Event: 1528,657 GC heap after
{Heap after GC invocations=16 (full 0):
 garbage-first heap   total 262144K, used 65705K [0x00001312efa00000, 0x000013132fa00000)
  region size 1024K, 11 young (11264K), 11 survivors (11264K)
 Metaspace       used 76047K, committed 76992K, reserved 180224K
  class space    used 10665K, committed 11072K, reserved 106496K
}
Event: 1732,666 GC heap before
{Heap before GC invocations=16 (full 0):
 garbage-first heap   total 262144K, used 210089K [0x00001312efa00000, 0x000013132fa00000)
  region size 1024K, 153 young (156672K), 11 survivors (11264K)
 Metaspace       used 76607K, committed 77568K, reserved 180224K
  class space    used 10716K, committed 11136K, reserved 106496K
}
Event: 1732,673 GC heap after
{Heap after GC invocations=17 (full 0):
 garbage-first heap   total 262144K, used 67091K [0x00001312efa00000, 0x000013132fa00000)
  region size 1024K, 13 young (13312K), 13 survivors (13312K)
 Metaspace       used 76607K, committed 77568K, reserved 180224K
  class space    used 10716K, committed 11136K, reserved 106496K
}

Deoptimization events (20 events):
Event: 2873,945 Thread 0x0000131390e71a00 Uncommon trap: trap_request=0xffffffde fr.pc=0x00001312e3d98a7c relative=0x0000000000001e1c
Event: 2873,945 Thread 0x0000131390e71a00 Uncommon trap: reason=class_check action=maybe_recompile pc=0x00001312e3d98a7c method=sun.management.spi.PlatformMBeanProvider$PlatformComponent.getMBeans(Ljava/lang/Class;)Ljava/util/List; @ 26 c2
Event: 2873,945 Thread 0x0000131390e71a00 DEOPT PACKING pc=0x00001312e3d98a7c sp=0x00001313e42e6f90
Event: 2873,945 Thread 0x0000131390e71a00 DEOPT UNPACKING pc=0x00001312dbc6e099 sp=0x00001313e42e6f88 mode 2
Event: 2874,070 Thread 0x0000131390e71a00 DEOPT PACKING pc=0x00001312dc9f15ce sp=0x00001313e42e1a20
Event: 2874,070 Thread 0x0000131390e71a00 DEOPT UNPACKING pc=0x00001312dbc6e82f sp=0x00001313e42e0f08 mode 0
Event: 2874,105 Thread 0x0000131390e71a00 DEOPT PACKING pc=0x00001312dd9c6929 sp=0x00001313e42e0bf0
Event: 2874,105 Thread 0x0000131390e71a00 DEOPT UNPACKING pc=0x00001312dbc6e82f sp=0x00001313e42e0120 mode 0
Event: 2874,127 Thread 0x0000131390e71a00 Uncommon trap: trap_request=0xffffffde fr.pc=0x00001312e3b76624 relative=0x0000000000000744
Event: 2874,127 Thread 0x0000131390e71a00 Uncommon trap: reason=class_check action=maybe_recompile pc=0x00001312e3b76624 method=org.gradle.cache.internal.LockOnDemandCrossProcessCacheAccess.incrementLockCount()V @ 97 c2
Event: 2874,127 Thread 0x0000131390e71a00 DEOPT PACKING pc=0x00001312e3b76624 sp=0x00001313e42df340
Event: 2874,127 Thread 0x0000131390e71a00 DEOPT UNPACKING pc=0x00001312dbc6e099 sp=0x00001313e42df300 mode 2
Event: 2874,205 Thread 0x0000131390e71a00 Uncommon trap: trap_request=0xfffffff4 fr.pc=0x00001312e40d65e8 relative=0x00000000000002e8
Event: 2874,205 Thread 0x0000131390e71a00 Uncommon trap: reason=null_check action=make_not_entrant pc=0x00001312e40d65e8 method=org.codehaus.groovy.runtime.typehandling.DefaultTypeTransformation.castToType(Ljava/lang/Object;Ljava/lang/Class;)Ljava/lang/Object; @ 78 c2
Event: 2874,205 Thread 0x0000131390e71a00 DEOPT PACKING pc=0x00001312e40d65e8 sp=0x00001313e42dd0b0
Event: 2874,205 Thread 0x0000131390e71a00 DEOPT UNPACKING pc=0x00001312dbc6e099 sp=0x00001313e42dd060 mode 2
Event: 2874,296 Thread 0x00001313a536f200 Uncommon trap: trap_request=0xffffff45 fr.pc=0x00001312e3e90958 relative=0x0000000000000298
Event: 2874,296 Thread 0x00001313a536f200 Uncommon trap: reason=unstable_if action=reinterpret pc=0x00001312e3e90958 method=org.gradle.internal.time.MonotonicClock.advance(J)J @ 25 c2
Event: 2874,296 Thread 0x00001313a536f200 DEOPT PACKING pc=0x00001312e3e90958 sp=0x000013139c6571f0
Event: 2874,296 Thread 0x00001313a536f200 DEOPT UNPACKING pc=0x00001312dbc6e099 sp=0x000013139c6570f8 mode 2

Classes unloaded (0 events):
No events

Classes redefined (0 events):
No events

Internal exceptions (20 events):
Event: 1732,450 Thread 0x00001313a87b8a00 Exception <a 'sun/nio/fs/UnixException'{0x00001312fcff9808}> (0x00001312fcff9808) 
thrown [src/hotspot/share/prims/jni.cpp, line 516]
Event: 1732,450 Thread 0x00001313a87b8a00 Exception <a 'sun/nio/fs/UnixException'{0x00001312fcffaf40}> (0x00001312fcffaf40) 
thrown [src/hotspot/share/prims/jni.cpp, line 516]
Event: 1732,934 Thread 0x00001313a87b8a00 Exception <a 'java/lang/ClassNotFoundException'{0x00001312fc2a8098}: SimpleTemplateScript9BeanInfo> (0x00001312fc2a8098) 
thrown [src/hotspot/share/classfile/systemDictionary.cpp, line 256]
Event: 1732,934 Thread 0x00001313a87b8a00 Exception <a 'java/lang/ClassNotFoundException'{0x00001312fc2b3aa0}: SimpleTemplateScript9Customizer> (0x00001312fc2b3aa0) 
thrown [src/hotspot/share/classfile/systemDictionary.cpp, line 256]
Event: 1732,953 Thread 0x00001313a87b8a00 Exception <a 'java/lang/ClassNotFoundException'{0x00001312fbfbe170}: SimpleTemplateScript10BeanInfo> (0x00001312fbfbe170) 
thrown [src/hotspot/share/classfile/systemDictionary.cpp, line 256]
Event: 1732,953 Thread 0x00001313a87b8a00 Exception <a 'java/lang/ClassNotFoundException'{0x00001312fbfc9b78}: SimpleTemplateScript10Customizer> (0x00001312fbfc9b78) 
thrown [src/hotspot/share/classfile/systemDictionary.cpp, line 256]
Event: 1732,969 Thread 0x00001313a87b9400 Exception <a 'sun/nio/fs/UnixException'{0x00001312fc656b70}> (0x00001312fc656b70) 
thrown [src/hotspot/share/prims/jni.cpp, line 516]
Event: 1732,971 Thread 0x00001313a87b9400 Exception <a 'sun/nio/fs/UnixException'{0x00001312fbef8a08}> (0x00001312fbef8a08) 
thrown [src/hotspot/share/prims/jni.cpp, line 516]
Event: 1732,972 Thread 0x00001313a87b9400 Exception <a 'sun/nio/fs/UnixException'{0x00001312fbefa0c0}> (0x00001312fbefa0c0) 
thrown [src/hotspot/share/prims/jni.cpp, line 516]
Event: 1732,972 Thread 0x00001313a87b9400 Exception <a 'sun/nio/fs/UnixException'{0x00001312fbefb880}> (0x00001312fbefb880) 
thrown [src/hotspot/share/prims/jni.cpp, line 516]
Event: 2873,957 Thread 0x0000131390e71a00 Exception <a 'sun/nio/fs/UnixException'{0x00001312fa6d48b0}> (0x00001312fa6d48b0) 
thrown [src/hotspot/share/prims/jni.cpp, line 516]
Event: 2873,957 Thread 0x0000131390e71a00 Exception <a 'sun/nio/fs/UnixException'{0x00001312fa6d5c20}> (0x00001312fa6d5c20) 
thrown [src/hotspot/share/prims/jni.cpp, line 516]
Event: 2873,957 Thread 0x0000131390e71a00 Exception <a 'sun/nio/fs/UnixException'{0x00001312fa6d6d28}> (0x00001312fa6d6d28) 
thrown [src/hotspot/share/prims/jni.cpp, line 516]
Event: 2873,957 Thread 0x0000131390e71a00 Exception <a 'sun/nio/fs/UnixException'{0x00001312fa6d7e28}> (0x00001312fa6d7e28) 
thrown [src/hotspot/share/prims/jni.cpp, line 516]
Event: 2874,205 Thread 0x0000131390e71a00 Implicit null exception at 0x00001312e40d641c to 0x00001312e40d65d5
Event: 2874,323 Thread 0x00001313a1d45100 Exception <a 'sun/nio/fs/UnixException'{0x00001312f99a0c48}> (0x00001312f99a0c48) 
thrown [src/hotspot/share/prims/jni.cpp, line 516]
Event: 2874,326 Thread 0x00001313a1d45100 Exception <a 'sun/nio/fs/UnixException'{0x00001312f98618a8}> (0x00001312f98618a8) 
thrown [src/hotspot/share/prims/jni.cpp, line 516]
Event: 2874,326 Thread 0x00001313a1d45100 Exception <a 'sun/nio/fs/UnixException'{0x00001312f9863500}> (0x00001312f9863500) 
thrown [src/hotspot/share/prims/jni.cpp, line 516]
Event: 2874,326 Thread 0x00001313a1d45100 Exception <a 'sun/nio/fs/UnixException'{0x00001312f9864eb8}> (0x00001312f9864eb8) 
thrown [src/hotspot/share/prims/jni.cpp, line 516]
Event: 2874,326 Thread 0x00001313a1d45100 Exception <a 'sun/nio/fs/UnixException'{0x00001312f98665f0}> (0x00001312f98665f0) 
thrown [src/hotspot/share/prims/jni.cpp, line 516]

VM Operations (20 events):
Event: 2650,704 Executing VM operation: Cleanup
Event: 2650,704 Executing VM operation: Cleanup done
Event: 2792,710 Executing VM operation: Cleanup
Event: 2792,710 Executing VM operation: Cleanup done
Event: 2830,711 Executing VM operation: Cleanup
Event: 2830,711 Executing VM operation: Cleanup done
Event: 2832,711 Executing VM operation: Cleanup
Event: 2832,711 Executing VM operation: Cleanup done
Event: 2874,230 Executing VM operation: ICBufferFull
Event: 2874,231 Executing VM operation: ICBufferFull done
Event: 2874,232 Executing VM operation: ICBufferFull
Event: 2874,232 Executing VM operation: ICBufferFull done
Event: 2874,234 Executing VM operation: ICBufferFull
Event: 2874,234 Executing VM operation: ICBufferFull done
Event: 2874,246 Executing VM operation: ICBufferFull
Event: 2874,246 Executing VM operation: ICBufferFull done
Event: 2874,247 Executing VM operation: ICBufferFull
Event: 2874,247 Executing VM operation: ICBufferFull done
Event: 2874,249 Executing VM operation: ICBufferFull
Event: 2874,249 Executing VM operation: ICBufferFull done

Events (20 events):
Event: 2874,308 Thread 0x00001313a1d43300 Thread added: 0x00001313a1d43300
Event: 2874,308 Protecting memory [0x00001313efd71000,0x00001313efd75000] with protection modes 0
Event: 2874,309 Thread 0x00001313a1d43800 Thread added: 0x00001313a1d43800
Event: 2874,309 Protecting memory [0x0000131393501000,0x0000131393505000] with protection modes 0
Event: 2874,309 Thread 0x00001313a1d43d00 Thread added: 0x00001313a1d43d00
Event: 2874,309 Protecting memory [0x0000131423b6b000,0x0000131423b6f000] with protection modes 0
Event: 2874,309 Thread 0x00001313a1d44200 Thread added: 0x00001313a1d44200
Event: 2874,309 Protecting memory [0x000013142ca1f000,0x000013142ca23000] with protection modes 0
Event: 2874,309 Thread 0x00001313a1d44700 Thread added: 0x00001313a1d44700
Event: 2874,309 Protecting memory [0x000013142ffab000,0x000013142ffaf000] with protection modes 0
Event: 2874,309 Thread 0x00001313a1d44c00 Thread added: 0x00001313a1d44c00
Event: 2874,309 Protecting memory [0x00001313f01d2000,0x00001313f01d6000] with protection modes 0
Event: 2874,309 Thread 0x00001313a1d45100 Thread added: 0x00001313a1d45100
Event: 2874,309 Protecting memory [0x00001313f1b19000,0x00001313f1b1d000] with protection modes 0
Event: 2874,309 Thread 0x00001313a1d45600 Thread added: 0x00001313a1d45600
Event: 2874,309 Protecting memory [0x000013141e3cc000,0x000013141e3d0000] with protection modes 0
Event: 2874,309 Thread 0x00001313bdc91000 Thread added: 0x00001313bdc91000
Event: 2874,309 Protecting memory [0x000013142e299000,0x000013142e29d000] with protection modes 0
Event: 2874,320 Thread 0x00001313bdc91500 Thread added: 0x00001313bdc91500
Event: 2874,320 Protecting memory [0x000013142ddcd000,0x000013142ddd1000] with protection modes 0


Dynamic libraries:
0x0000130aa1bfe000 	/usr/local/openjdk17/bin/java
0x00007ffffffff000 	[vdso]
0x00001312c24bb000 	/lib/libz.so.6
0x00001312c259c000 	/usr/local/openjdk17/bin/../lib/libjli.so
0x00001312c2d49000 	/usr/lib/libdl.so.1
0x00001312c3efa000 	/lib/libthr.so.3
0x00001312c45c5000 	/lib/libc.so.7
0x00001312c7800000 	/usr/local/openjdk17/lib/server/libjvm.so
0x00001312c8d08000 	/lib/libm.so.5
0x00001312c9818000 	/usr/lib/libc++.so.1
0x00001312ca66f000 	/lib/libcxxrt.so.1
0x00001312cab12000 	/lib/libgcc_s.so.1
0x00001312ce3fd000 	/usr/local/openjdk17/lib/libjimage.so
0x00001312d77c5000 	/usr/local/openjdk17/lib/libinstrument.so
0x00001312d8727000 	/usr/local/openjdk17/lib/libjava.so
0x00001312d8ddc000 	/usr/local/lib/nss_winbind.so.1
0x00001312d9aec000 	/usr/local/lib/samba4/private/libwinbind-client-samba4.so
0x00001312da847000 	/usr/local/lib/samba4/private/libreplace-samba4.so
0x000013136052a000 	/usr/local/openjdk17/lib/libzip.so
0x0000131360a3b000 	/usr/local/openjdk17/lib/libnio.so
0x00001313613bd000 	/usr/local/openjdk17/lib/libnet.so
0x00001313708b4000 	/usr/local/openjdk17/lib/libverify.so
0x000013137357d000 	/home/studs/s408393/.gradle/native/c067742578af261105cb4f569cf0c3c89f3d7b1fecec35dd04571415982c5e48/freebsd-amd64-libcpp/libnative-platform.so
0x000013138b197000 	/usr/local/openjdk17/lib/libmanagement.so
0x000013138b615000 	/usr/local/openjdk17/lib/libmanagement_ext.so
0x000013138d3a9000 	/usr/local/openjdk17/lib/libextnet.so
0x0000310f98832000 	/libexec/ld-elf.so.1


VM Arguments:
jvm_args: --add-opens=java.base/java.util=ALL-UNNAMED --add-opens=java.base/java.lang=ALL-UNNAMED --add-opens=java.base/java.lang.invoke=ALL-UNNAMED --add-opens=java.prefs/java.util.prefs=ALL-UNNAMED --add-opens=java.base/java.nio.charset=ALL-UNNAMED --add-opens=java.base/java.net=ALL-UNNAMED --add-opens=java.base/java.util.concurrent.atomic=ALL-UNNAMED -XX:MaxMetaspaceSize=384m -XX:+HeapDumpOnOutOfMemoryError -Xms256m -Xmx512m -Dfile.encoding=UTF-8 -Duser.country=RU -Duser.language=ru -Duser.variant -javaagent:/home/studs/s408393/.gradle/wrapper/dists/gradle-8.4-bin/1w5dpkrfk8irigvoxmyhowfim/gradle-8.4/lib/agents/gradle-instrumentation-agent-8.4.jar -XX:MaxHeapSize=1G -XX:MaxMetaspaceSize=128m 
java_command: org.gradle.launcher.daemon.bootstrap.GradleDaemon 8.4
java_class_path (initial): /home/studs/s408393/.gradle/wrapper/dists/gradle-8.4-bin/1w5dpkrfk8irigvoxmyhowfim/gradle-8.4/lib/gradle-launcher-8.4.jar
Launcher Type: SUN_STANDARD

[Global flags]

[error occurred during error reporting (printing flags), id 0xe0000001, Out of Memory Error (src/hotspot/share/memory/allocation.cpp:44)]

Logging:
Log output configuration:
 #0: stdout all=warning uptime,level,tags
 #1: stderr all=off uptime,level,tags

Environment Variables:
JAVA_HOME=/usr/local/openjdk17
_JAVA_OPTIONS=-Xmx256M
PATH=/usr/local/openjdk17/bin/:/sbin:/bin:/usr/sbin:/usr/bin:/usr/local/sbin:/usr/local/bin:/home/studs/s408393/bin
SHELL=/usr/bin/bash
LANG=ru_RU.UTF-8

Signal Handlers:
   SIGSEGV: JVM_handle_bsd_signal+1283472 in libjvm.so, mask=11100110100111111111111111111110, flags=SA_RESTART|SA_SIGINFO
    SIGBUS: JVM_handle_bsd_signal+1283472 in libjvm.so, mask=11100110100111111111111111111110, flags=SA_RESTART|SA_SIGINFO
    SIGFPE: JVM_handle_bsd_signal+1283472 in libjvm.so, mask=11100110100111111111111111111110, flags=SA_RESTART|SA_SIGINFO
   SIGPIPE: JVM_handle_bsd_signal+4368 in libjvm.so, mask=11100110100111111111111111111110, flags=SA_RESTART|SA_SIGINFO
   SIGXFSZ: JVM_handle_bsd_signal+4368 in libjvm.so, mask=11100110100111111111111111111110, flags=SA_RESTART|SA_SIGINFO
    SIGILL: JVM_handle_bsd_signal+1283472 in libjvm.so, mask=11100110100111111111111111111110, flags=SA_RESTART|SA_SIGINFO
   SIGUSR2: JVM_handle_bsd_signal+6416 in libjvm.so, mask=00100000000000000000000000000000, flags=SA_RESTART|SA_SIGINFO
    SIGHUP: JVM_handle_bsd_signal+512 in libjvm.so, mask=11100110100111111111111111111110, flags=SA_RESTART|SA_SIGINFO
    SIGINT: JVM_handle_bsd_signal+512 in libjvm.so, mask=11100110100111111111111111111110, flags=SA_RESTART|SA_SIGINFO
   SIGTERM: JVM_handle_bsd_signal+512 in libjvm.so, mask=11100110100111111111111111111110, flags=SA_RESTART|SA_SIGINFO
   SIGQUIT: JVM_handle_bsd_signal+512 in libjvm.so, mask=11100110100111111111111111111110, flags=SA_RESTART|SA_SIGINFO
   SIGTRAP: JVM_handle_bsd_signal+1283472 in libjvm.so, mask=11100110100111111111111111111110, flags=SA_RESTART|SA_SIGINFO


---------------  S Y S T E M  ---------------

OS:
uname: FreeBSD 13.2-STABLE FreeBSD 13.2-STABLE c79831b38 amd64 amd64
OS uptime: 179 days 3:42 hours
rlimit (soft/hard): STACK 524288k/524288k , CORE infinity/infinity , NPROC 89999/89999 , NOFILE 3773331/3773331 , AS infinity/infinity , CPU infinity/infinity , DATA 33554432k/33554432k , FSIZE infinity/infinity , MEMLOCK 64k/64k , RSS infinity/infinity
load average: 0,77 0,49 0,58


CPU: total 16 (initial active 16) (4 cores per cpu, 2 threads per core) family 6 model 45 stepping 7 microcode 0x0, cx8, cmov, fxsr, ht, mmx, sse, sse2, sse3, ssse3, sse4.1, sse4.2, popcnt, tsc, tscinvbit, avx, aes, clmul, vzeroupper, clflush
CPU Model: Intel(R) Xeon(R) CPU E5-2643 0 @ 3.30GHz

Memory: 4k page, physical 134162888k(90139844k free), swap 67108864k(67108864k free)

vm_info: OpenJDK 64-Bit Server VM (17.0.2+8-1) for bsd-amd64 JRE (17.0.2+8-1), built on Aug  2 2022 15:38:40 by "root" with clang FreeBSD Clang 11.0.1 (git@github.com:llvm/llvm-project.git llvmorg-11.0.1-0-g43ff75f2c3fe)

END.
